<?xml version="1.0" encoding="UTF-8"?>
<robot generator="Robot 7.0 (Python 3.9.10 on win32)" generated="2024-07-20T09:09:39.953394" rpa="false" schemaversion="5">
<suite id="s1" name="Gold Coin Test" source="C:\Users\StevenReiss\Documents\Steve_Data\PS_Data\Personal_Docs\Steve_Docs\Job_Search\Coding_Examples\Git_Repo\Fetch_Coin_Demo\Smoke_Tests\Gold_Coin_Test.robot">
<test id="s1-t1" name="Coin Test" line="25">
<kw name="Suite Setup" owner="resource_Gold_Coin" type="SETUP">
<kw name="Test Initialization" owner="resource_Gold_Coin">
<kw name="Open Browser To Base Page" owner="resource">
<kw name="Sleep" owner="BuiltIn">
<msg time="2024-07-20T09:09:41.294037" level="INFO">Slept 1 second.</msg>
<arg>1s</arg>
<doc>Pauses the test executed for the given time.</doc>
<status status="PASS" start="2024-07-20T09:09:40.282075" elapsed="1.011962"/>
</kw>
<if>
<branch type="IF" condition="'${BROWSER}' == &quot;Chrome&quot;">
<kw name="Log To Console" owner="BuiltIn">
<arg>${\n}Running Chrome with Browser Options</arg>
<doc>Logs the given message to the console.</doc>
<status status="NOT RUN" start="2024-07-20T09:09:41.295169" elapsed="0.000099"/>
</kw>
<kw name="Run Keyword And Continue On Failure" owner="BuiltIn">
<arg>Chrome Browser Options</arg>
<arg>${BASE_URL}</arg>
<doc>Runs the keyword and continues execution even if a failure occurs.</doc>
<status status="NOT RUN" start="2024-07-20T09:09:41.295268" elapsed="0.000000"/>
</kw>
<status status="NOT RUN" start="2024-07-20T09:09:41.294644" elapsed="0.000624"/>
</branch>
<branch type="ELSE IF" condition="'${BROWSER}' == &quot;Edge&quot;">
<kw name="Log To Console" owner="BuiltIn">
<arg>${\n}Running Edge with Options</arg>
<doc>Logs the given message to the console.</doc>
<status status="PASS" start="2024-07-20T09:09:41.295792" elapsed="0.000546"/>
</kw>
<kw name="Set Variable" owner="BuiltIn">
<msg time="2024-07-20T09:09:41.296873" level="INFO">${edge_arguments} = add_argument("--inprivate");add_argument("--enable-chrome-browser-cloud-management");add_argument("--log-level=3")</msg>
<var>${edge_arguments}</var>
<arg>add_argument("--inprivate");add_argument("--enable-chrome-browser-cloud-management");add_argument("--log-level=${DRIVER_LOG_LEVEL}")</arg>
<doc>Returns the given values which can then be assigned to a variables.</doc>
<status status="PASS" start="2024-07-20T09:09:41.296873" elapsed="0.000000"/>
</kw>
<kw name="Open Browser" owner="SeleniumLibrary">
<msg time="2024-07-20T09:09:41.297407" level="INFO">Opening browser 'Edge' to base url 'http://sdetchallenge.fetch.com/?coins=20'.</msg>
<arg>${BASE_URL}</arg>
<arg>browser=${BROWSER}</arg>
<arg>options=${edge_arguments}</arg>
<doc>Opens a new browser instance to the optional ``url``.</doc>
<status status="PASS" start="2024-07-20T09:09:41.297407" elapsed="4.750181"/>
</kw>
<status status="PASS" start="2024-07-20T09:09:41.295268" elapsed="4.752320"/>
</branch>
<branch type="ELSE">
<kw name="Open Browser" owner="SeleniumLibrary">
<arg>${BASE_URL}</arg>
<arg>browser=${BROWSER}</arg>
<doc>Opens a new browser instance to the optional ``url``.</doc>
<status status="NOT RUN" start="2024-07-20T09:09:46.047588" elapsed="0.000000"/>
</kw>
<status status="NOT RUN" start="2024-07-20T09:09:46.047588" elapsed="0.000000"/>
</branch>
<status status="PASS" start="2024-07-20T09:09:41.294644" elapsed="4.752944"/>
</if>
<kw name="Sleep" owner="BuiltIn">
<msg time="2024-07-20T09:09:51.062145" level="INFO">Slept 5 seconds.</msg>
<arg>5s</arg>
<doc>Pauses the test executed for the given time.</doc>
<status status="PASS" start="2024-07-20T09:09:46.047588" elapsed="5.014557"/>
</kw>
<kw name="Run Keyword And Ignore Error" owner="BuiltIn">
<kw name="Get Browser Version" owner="resource">
<kw name="Execute Javascript" owner="SeleniumLibrary">
<msg time="2024-07-20T09:09:51.064045" level="INFO">Executing JavaScript:
return navigator.userAgent;
Without any arguments.</msg>
<msg time="2024-07-20T09:09:51.069352" level="INFO">${agentHeader} = Mozilla/5.0 (Windows NT 10.0; Win64; x64) AppleWebKit/537.36 (KHTML, like Gecko) Chrome/126.0.0.0 Safari/537.36 Edg/126.0.0.0</msg>
<var>${agentHeader}</var>
<arg>return navigator.userAgent;</arg>
<doc>Executes the given JavaScript code with possible arguments.</doc>
<status status="PASS" start="2024-07-20T09:09:51.064045" elapsed="0.005307"/>
</kw>
<kw name="Log" owner="BuiltIn">
<msg time="2024-07-20T09:09:51.070350" level="INFO">USER AGENT HEADER=Mozilla/5.0 (Windows NT 10.0; Win64; x64) AppleWebKit/537.36 (KHTML, like Gecko) Chrome/126.0.0.0 Safari/537.36 Edg/126.0.0.0</msg>
<arg>USER AGENT HEADER=${agentHeader}</arg>
<doc>Logs the given message with the given level.</doc>
<status status="PASS" start="2024-07-20T09:09:51.070350" elapsed="0.000000"/>
</kw>
<kw name="Get Browser Agent" owner="Faker_Data_Generator">
<msg time="2024-07-20T09:09:51.071349" level="INFO">${browser_info} = ChromiumEdge 126.0.0.0 on Windows 10</msg>
<var>${browser_info}</var>
<arg>${agentHeader}</arg>
<doc> Get the browser agent (browser ver &amp; platform) from an agent_string</doc>
<status status="PASS" start="2024-07-20T09:09:51.070350" elapsed="0.000999"/>
</kw>
<kw name="Log" owner="BuiltIn">
<msg time="2024-07-20T09:09:51.071349" level="INFO">Browser Version=ChromiumEdge 126.0.0.0 on Windows 10</msg>
<arg>Browser Version=${browser_info}</arg>
<arg>level=INFO</arg>
<doc>Logs the given message with the given level.</doc>
<status status="PASS" start="2024-07-20T09:09:51.071349" elapsed="0.000000"/>
</kw>
<return>
<value>${browser_info}</value>
<status status="PASS" start="2024-07-20T09:09:51.071349" elapsed="0.000000"/>
</return>
<arg>${BROWSER}</arg>
<doc>Log the name + version and platform of the browser under test</doc>
<status status="PASS" start="2024-07-20T09:09:51.063541" elapsed="0.008808"/>
</kw>
<msg time="2024-07-20T09:09:51.072349" level="INFO">${version} = ('PASS', 'ChromiumEdge 126.0.0.0 on Windows 10')</msg>
<var>${version}</var>
<arg>Get Browser Version</arg>
<arg>${BROWSER}</arg>
<doc>Runs the given keyword with the given arguments and ignores possible error.</doc>
<status status="PASS" start="2024-07-20T09:09:51.062145" elapsed="0.010204"/>
</kw>
<kw name="Get From List" owner="Collections">
<msg time="2024-07-20T09:09:51.072349" level="INFO">${version} = ChromiumEdge 126.0.0.0 on Windows 10</msg>
<var>${version}</var>
<arg>${version}</arg>
<arg>-1</arg>
<doc>Returns the value specified with an ``index`` from ``list``.</doc>
<status status="PASS" start="2024-07-20T09:09:51.072349" elapsed="0.000000"/>
</kw>
<kw name="Set Global Variable" owner="BuiltIn">
<msg time="2024-07-20T09:09:51.073349" level="INFO">${BROWSER_VERSION} = ChromiumEdge 126.0.0.0 on Windows 10</msg>
<arg>${BROWSER_VERSION}</arg>
<arg>${version}</arg>
<doc>Makes a variable available globally in all tests and suites.</doc>
<status status="PASS" start="2024-07-20T09:09:51.072349" elapsed="0.001000"/>
</kw>
<kw name="Set Tags" owner="BuiltIn">
<msg time="2024-07-20T09:09:51.073349" level="INFO">Set tag 'ChromiumEdge 126.0.0.0 on Windows 10'.</msg>
<arg>${BROWSER_VERSION}</arg>
<doc>Adds given ``tags`` for the current test or all tests in a suite.</doc>
<status status="PASS" start="2024-07-20T09:09:51.073349" elapsed="0.000000"/>
</kw>
<kw name="Set Tags" owner="BuiltIn">
<msg time="2024-07-20T09:09:51.074349" level="INFO">Set tag 'Server = sdetchallenge.fetch.com'.</msg>
<arg>Server = ${SERVER}</arg>
<doc>Adds given ``tags`` for the current test or all tests in a suite.</doc>
<status status="PASS" start="2024-07-20T09:09:51.073349" elapsed="0.001000"/>
</kw>
<kw name="Run Keyword" owner="BuiltIn">
<kw name="Get Selenium Driver Info" owner="resource">
<if>
<branch type="IF" condition="'${BROWSER}' == &quot;Edge&quot;">
<kw name="Set Variable" owner="BuiltIn">
<msg time="2024-07-20T09:09:51.076349" level="INFO">${name_index} = 39</msg>
<var>${name_index}</var>
<arg>${39}</arg>
<doc>Returns the given values which can then be assigned to a variables.</doc>
<status status="PASS" start="2024-07-20T09:09:51.075349" elapsed="0.001000"/>
</kw>
<kw name="Run OS Command" owner="resource">
<kw name="Run And Return Rc And Output" owner="OperatingSystem">
<msg time="2024-07-20T09:09:51.084986" level="INFO">Running command 'msedgedriver -v 2&gt;&amp;1'.</msg>
<msg time="2024-07-20T09:09:51.142956" level="INFO">${rc} = 0</msg>
<msg time="2024-07-20T09:09:51.142956" level="INFO">${output} = Microsoft Edge WebDriver 126.0.2592.68 (30e1b6cc72a8cf6df643b6a0f69884a4936488ba)</msg>
<var>${rc}</var>
<var>${output}</var>
<arg>${command_to_run}</arg>
<doc>Runs the given command in the system and returns the RC and output.</doc>
<status status="PASS" start="2024-07-20T09:09:51.076349" elapsed="0.066607"/>
</kw>
<kw name="Log" owner="BuiltIn">
<msg time="2024-07-20T09:09:51.143500" level="INFO">0</msg>
<arg>${rc}</arg>
<doc>Logs the given message with the given level.</doc>
<status status="PASS" start="2024-07-20T09:09:51.143500" elapsed="0.000554"/>
</kw>
<kw name="Log" owner="BuiltIn">
<msg time="2024-07-20T09:09:51.144054" level="INFO">Microsoft Edge WebDriver 126.0.2592.68 (30e1b6cc72a8cf6df643b6a0f69884a4936488ba)</msg>
<arg>${output}</arg>
<doc>Logs the given message with the given level.</doc>
<status status="PASS" start="2024-07-20T09:09:51.144054" elapsed="0.000000"/>
</kw>
<return>
<value>${output}</value>
<status status="PASS" start="2024-07-20T09:09:51.144601" elapsed="0.000000"/>
</return>
<msg time="2024-07-20T09:09:51.144601" level="INFO">${driver_temp} = Microsoft Edge WebDriver 126.0.2592.68 (30e1b6cc72a8cf6df643b6a0f69884a4936488ba)</msg>
<var>${driver_temp}</var>
<arg>msedgedriver -v</arg>
<doc>Pass in a system command - send command and args</doc>
<status status="PASS" start="2024-07-20T09:09:51.076349" elapsed="0.068252"/>
</kw>
<status status="PASS" start="2024-07-20T09:09:51.075349" elapsed="0.069252"/>
</branch>
<branch type="ELSE IF" condition="'${BROWSER}' == &quot;Chrome&quot;">
<kw name="Set Variable" owner="BuiltIn">
<var>${name_index}</var>
<arg>${27}</arg>
<doc>Returns the given values which can then be assigned to a variables.</doc>
<status status="NOT RUN" start="2024-07-20T09:09:51.145145" elapsed="0.000000"/>
</kw>
<kw name="Run OS Command" owner="resource">
<var>${driver_temp}</var>
<arg>chromedriver -v</arg>
<doc>Pass in a system command - send command and args</doc>
<status status="NOT RUN" start="2024-07-20T09:09:51.145145" elapsed="0.000000"/>
</kw>
<status status="NOT RUN" start="2024-07-20T09:09:51.144601" elapsed="0.000544"/>
</branch>
<branch type="ELSE IF" condition="'${BROWSER}' == &quot;Firefox&quot;">
<kw name="Set Variable" owner="BuiltIn">
<var>${name_index}</var>
<arg>${27}</arg>
<doc>Returns the given values which can then be assigned to a variables.</doc>
<status status="NOT RUN" start="2024-07-20T09:09:51.145685" elapsed="0.000000"/>
</kw>
<kw name="Run OS Command" owner="resource">
<var>${driver_temp}</var>
<arg>geckodriver -v</arg>
<doc>Pass in a system command - send command and args</doc>
<status status="NOT RUN" start="2024-07-20T09:09:51.145685" elapsed="0.000000"/>
</kw>
<status status="NOT RUN" start="2024-07-20T09:09:51.145145" elapsed="0.000540"/>
</branch>
<branch type="ELSE">
<kw name="Return From Keyword" owner="BuiltIn">
<doc>Returns from the enclosing user keyword.</doc>
<status status="NOT RUN" start="2024-07-20T09:09:51.146230" elapsed="0.000000"/>
</kw>
<status status="NOT RUN" start="2024-07-20T09:09:51.145685" elapsed="0.000545"/>
</branch>
<status status="PASS" start="2024-07-20T09:09:51.075349" elapsed="0.070881"/>
</if>
<kw name="Get Substring" owner="String">
<msg time="2024-07-20T09:09:51.146773" level="INFO">${driver_name} = Microsoft Edge WebDriver 126.0.2592.68 </msg>
<var>${driver_name}</var>
<arg>${driver_temp}</arg>
<arg>0</arg>
<arg>${name_index}</arg>
<doc>Returns a substring from ``start`` index to ``end`` index.</doc>
<status status="PASS" start="2024-07-20T09:09:51.146230" elapsed="0.000543"/>
</kw>
<kw name="Set Tags" owner="BuiltIn">
<msg time="2024-07-20T09:09:51.147377" level="INFO">Set tag 'Microsoft Edge WebDriver 126.0.2592.68 '.</msg>
<arg>${driver_name}</arg>
<doc>Adds given ``tags`` for the current test or all tests in a suite.</doc>
<status status="PASS" start="2024-07-20T09:09:51.146773" elapsed="0.000604"/>
</kw>
<doc>Get the currently active Selenium Driver information - use system call to get version info</doc>
<status status="PASS" start="2024-07-20T09:09:51.074349" elapsed="0.073028"/>
</kw>
<arg>Get Selenium Driver Info</arg>
<doc>Executes the given keyword with the given arguments.</doc>
<status status="PASS" start="2024-07-20T09:09:51.074349" elapsed="0.073028"/>
</kw>
<kw name="Run Keyword If" owner="BuiltIn">
<kw name="Maximize Browser Window" owner="SeleniumLibrary">
<doc>Maximizes current browser window.</doc>
<status status="PASS" start="2024-07-20T09:09:51.148427" elapsed="0.040522"/>
</kw>
<arg>${HEADLESS_BROWSER} == ${False}</arg>
<arg>SeleniumLibrary.Maximize Browser Window</arg>
<doc>Runs the given keyword with the given arguments, if ``condition`` is true.</doc>
<status status="PASS" start="2024-07-20T09:09:51.147886" elapsed="0.041063"/>
</kw>
<kw name="Set Selenium Speed" owner="SeleniumLibrary">
<arg>${DELAY}</arg>
<doc>Sets the delay that is waited after each Selenium command.</doc>
<status status="PASS" start="2024-07-20T09:09:51.188949" elapsed="0.001335"/>
</kw>
<kw name="Base Page Should Be Open" owner="resource_Gold_Coin">
<kw name="Get Title" owner="SeleniumLibrary">
<msg time="2024-07-20T09:09:51.467948" level="INFO">${page_title} = React App</msg>
<var>${page_title}</var>
<doc>Returns the title of the current page.</doc>
<status status="PASS" start="2024-07-20T09:09:51.191673" elapsed="0.276275"/>
</kw>
<kw name="Should Contain" owner="BuiltIn">
<arg>${page_title}</arg>
<arg>${DEFAULT_TITLE}</arg>
<doc>Fails if ``container`` does not contain ``item`` one or more times.</doc>
<status status="PASS" start="2024-07-20T09:09:51.468456" elapsed="0.000000"/>
</kw>
<doc>Validate the page of the login screen</doc>
<status status="PASS" start="2024-07-20T09:09:51.190284" elapsed="0.278172"/>
</kw>
<doc>Get the proper browser from variable BROWSER and set the correct options</doc>
<status status="PASS" start="2024-07-20T09:09:40.281075" elapsed="11.187381"/>
</kw>
<kw name="Run Keyword And Continue On Failure" owner="BuiltIn">
<kw name="Check Base URL" owner="resource_Gold_Coin">
<kw name="Get Location" owner="SeleniumLibrary">
<msg time="2024-07-20T09:09:51.731727" level="INFO">${current_location} = http://sdetchallenge.fetch.com/?coins=20</msg>
<var>${current_location}</var>
<doc>Returns the current browser window URL.</doc>
<status status="PASS" start="2024-07-20T09:09:51.469464" elapsed="0.262263"/>
</kw>
<kw name="Should Contain" owner="BuiltIn">
<arg>${current_location}</arg>
<arg>${BASE_URL}</arg>
<arg>msg=Base URL is Incorrect</arg>
<doc>Fails if ``container`` does not contain ``item`` one or more times.</doc>
<status status="PASS" start="2024-07-20T09:09:51.732754" elapsed="0.001004"/>
</kw>
<status status="PASS" start="2024-07-20T09:09:51.469464" elapsed="0.264294"/>
</kw>
<arg>Check Base URL</arg>
<doc>Runs the keyword and continues execution even if a failure occurs.</doc>
<status status="PASS" start="2024-07-20T09:09:51.468456" elapsed="0.265302"/>
</kw>
<doc>Perform User Login - present UserName/Password on login screen</doc>
<status status="PASS" start="2024-07-20T09:09:40.281075" elapsed="11.452683"/>
</kw>
<doc>Initialize the environment for Suite - run at beginning of test</doc>
<status status="PASS" start="2024-07-20T09:09:40.281075" elapsed="11.452683"/>
</kw>
<kw name="Set Variable" owner="BuiltIn">
<msg time="2024-07-20T09:09:51.734761" level="INFO">${coin_locator} = xpath=//button[starts-with(@id, 'coin_')]</msg>
<var>${coin_locator}</var>
<arg>xpath=//button[starts-with(@id, 'coin_')]</arg>
<doc>Returns the given values which can then be assigned to a variables.</doc>
<status status="PASS" start="2024-07-20T09:09:51.734761" elapsed="0.000000"/>
</kw>
<kw name="Run Keyword" owner="BuiltIn">
<kw name="Get Element Count" owner="SeleniumLibrary">
<arg>${coin_locator}</arg>
<doc>Returns the number of elements matching ``locator``.</doc>
<status status="PASS" start="2024-07-20T09:09:51.735761" elapsed="0.277753"/>
</kw>
<msg time="2024-07-20T09:09:52.014580" level="INFO">${Num_Bars} = 20</msg>
<var>${Num_Bars}</var>
<arg>SeleniumLibrary.Get Element Count</arg>
<arg>${coin_locator}</arg>
<doc>Executes the given keyword with the given arguments.</doc>
<status status="PASS" start="2024-07-20T09:09:51.735761" elapsed="0.278819"/>
</kw>
<kw name="Log To Console" owner="BuiltIn">
<arg>Num Bars = ${Num_Bars}</arg>
<doc>Logs the given message to the console.</doc>
<status status="PASS" start="2024-07-20T09:09:52.015621" elapsed="0.001008"/>
</kw>
<kw name="Run Keyword And Continue On Failure" owner="BuiltIn">
<kw name="Gold Coin Test" owner="resource_Gold_Coin">
<kw name="Log To Console" owner="BuiltIn">
<arg>${\n}Number of Gold Bars : ${Num_Items}${\n}</arg>
<doc>Logs the given message to the console.</doc>
<status status="PASS" start="2024-07-20T09:09:52.017907" elapsed="0.001009"/>
</kw>
<kw name="Evaluate" owner="BuiltIn">
<msg time="2024-07-20T09:09:52.018916" level="INFO">${base_list} = [0, 1, 2, 3, 4, 5, 6, 7, 8, 9, 10, 11, 12, 13, 14, 15, 16, 17, 18, 19]</msg>
<var>${base_list}</var>
<arg>[x for x in range(0, ${Num_Items})]</arg>
<doc>Evaluates the given expression in Python and returns the result.</doc>
<status status="PASS" start="2024-07-20T09:09:52.018916" elapsed="0.000000"/>
</kw>
<kw name="Evaluate" owner="BuiltIn">
<msg time="2024-07-20T09:09:52.020077" level="INFO">${test_list} = [1, 2, 3, 4, 5, 6, 7, 8, 9, 10, 11, 12, 13, 14, 15, 16, 17, 18, 19]</msg>
<var>${test_list}</var>
<arg>[x for x in range(1, ${Num_Items})]</arg>
<doc>Evaluates the given expression in Python and returns the result.</doc>
<status status="PASS" start="2024-07-20T09:09:52.018916" elapsed="0.001161"/>
</kw>
<for flavor="IN RANGE">
<iter>
<try>
<branch type="TRY">
<kw name="Remove From List" owner="Collections">
<msg time="2024-07-20T09:09:52.020581" level="INFO">${left_value} = 0</msg>
<var>${left_value}</var>
<arg>${base_list}</arg>
<arg>0</arg>
<doc>Removes and returns the value specified with an ``index`` from ``list``.</doc>
<status status="PASS" start="2024-07-20T09:09:52.020581" elapsed="0.000000"/>
</kw>
<kw name="Remove From List" owner="Collections">
<msg time="2024-07-20T09:09:52.020581" level="INFO">${right_value} = 1</msg>
<var>${right_value}</var>
<arg>${test_list}</arg>
<arg>0</arg>
<doc>Removes and returns the value specified with an ``index`` from ``list``.</doc>
<status status="PASS" start="2024-07-20T09:09:52.020581" elapsed="0.001007"/>
</kw>
<status status="PASS" start="2024-07-20T09:09:52.020581" elapsed="0.001007"/>
</branch>
<branch type="EXCEPT">
<kw name="Evaluate" owner="BuiltIn">
<var>${the_fake_value}</var>
<arg>${Num_Items} - 1</arg>
<doc>Evaluates the given expression in Python and returns the result.</doc>
<status status="NOT RUN" start="2024-07-20T09:09:52.021588" elapsed="0.000000"/>
</kw>
<break>
<status status="NOT RUN" start="2024-07-20T09:09:52.021588" elapsed="0.000000"/>
</break>
<status status="NOT RUN" start="2024-07-20T09:09:52.021588" elapsed="0.000000"/>
</branch>
<status status="PASS" start="2024-07-20T09:09:52.020581" elapsed="0.001007"/>
</try>
<kw name="Run Keyword" owner="BuiltIn">
<kw name="Input Test Values" owner="resource_Gold_Coin">
<kw name="Clear Element Text" owner="SeleniumLibrary">
<arg>${LEFT_INPUT_BOX}</arg>
<doc>Clears the value of the text-input-element identified by ``locator``.</doc>
<status status="PASS" start="2024-07-20T09:09:52.022588" elapsed="0.550799"/>
</kw>
<kw name="Input Text" owner="SeleniumLibrary">
<msg time="2024-07-20T09:09:52.574815" level="INFO">Typing text '0' into text field 'xpath=//input[@id='left_0']'.</msg>
<arg>${LEFT_INPUT_BOX}</arg>
<arg>${left_value}</arg>
<doc>Types the given ``text`` into the text field identified by ``locator``.</doc>
<status status="PASS" start="2024-07-20T09:09:52.574815" elapsed="0.854160"/>
</kw>
<kw name="Sleep" owner="BuiltIn">
<msg time="2024-07-20T09:09:54.433072" level="INFO">Slept 1 second.</msg>
<arg>1s</arg>
<doc>Pauses the test executed for the given time.</doc>
<status status="PASS" start="2024-07-20T09:09:53.429554" elapsed="1.003518"/>
</kw>
<kw name="Clear Element Text" owner="SeleniumLibrary">
<arg>${RIGHT_INPUT_BOX}</arg>
<doc>Clears the value of the text-input-element identified by ``locator``.</doc>
<status status="PASS" start="2024-07-20T09:09:54.433652" elapsed="0.549179"/>
</kw>
<kw name="Input Text" owner="SeleniumLibrary">
<msg time="2024-07-20T09:09:54.984724" level="INFO">Typing text '1' into text field 'xpath=//input[@id='right_0']'.</msg>
<arg>${RIGHT_INPUT_BOX}</arg>
<arg>${right_value}</arg>
<doc>Types the given ``text`` into the text field identified by ``locator``.</doc>
<status status="PASS" start="2024-07-20T09:09:54.982831" elapsed="0.850546"/>
</kw>
<kw name="Sleep" owner="BuiltIn">
<msg time="2024-07-20T09:09:56.848549" level="INFO">Slept 1 second.</msg>
<arg>1s</arg>
<doc>Pauses the test executed for the given time.</doc>
<status status="PASS" start="2024-07-20T09:09:55.834553" elapsed="1.013996"/>
</kw>
<kw name="Click Button" owner="SeleniumLibrary">
<msg time="2024-07-20T09:09:56.850538" level="INFO">Clicking button 'xpath=//button[@id='weigh']'.</msg>
<arg>${WEIGH_BUTTON}</arg>
<doc>Clicks the button identified by ``locator``.</doc>
<status status="PASS" start="2024-07-20T09:09:56.849541" elapsed="1.344035"/>
</kw>
<kw name="Sleep" owner="BuiltIn">
<msg time="2024-07-20T09:10:01.209028" level="INFO">Slept 3 seconds.</msg>
<arg>3s</arg>
<doc>Pauses the test executed for the given time.</doc>
<status status="PASS" start="2024-07-20T09:09:58.193576" elapsed="3.015452"/>
</kw>
<kw name="Run Keyword" owner="BuiltIn">
<kw name="Get Text" owner="SeleniumLibrary">
<arg>${WEIGHING_TEXT}</arg>
<doc>Returns the text value of the element identified by ``locator``.</doc>
<status status="PASS" start="2024-07-20T09:10:01.209028" elapsed="0.529530"/>
</kw>
<msg time="2024-07-20T09:10:01.739590" level="INFO">${result_text} = [0] = [1]</msg>
<var>${result_text}</var>
<arg>SeleniumLibrary.Get Text</arg>
<arg>${WEIGHING_TEXT}</arg>
<doc>Executes the given keyword with the given arguments.</doc>
<status status="PASS" start="2024-07-20T09:10:01.209028" elapsed="0.530562"/>
</kw>
<kw name="Split String" owner="String">
<msg time="2024-07-20T09:10:01.740900" level="INFO">@{Split_Values} = [ [0] = [1] ]</msg>
<var>@{Split_Values}</var>
<arg>${result_text}</arg>
<arg>\n</arg>
<doc>Splits the ``string`` using ``separator`` as a delimiter string.</doc>
<status status="PASS" start="2024-07-20T09:10:01.740394" elapsed="0.000506"/>
</kw>
<kw name="Get From List" owner="Collections">
<msg time="2024-07-20T09:10:01.741443" level="INFO">${the_result} = [0] = [1]</msg>
<var>${the_result}</var>
<arg>${Split_Values}</arg>
<arg>-1</arg>
<doc>Returns the value specified with an ``index`` from ``list``.</doc>
<status status="PASS" start="2024-07-20T09:10:01.740900" elapsed="0.000543"/>
</kw>
<return>
<value>${the_result}</value>
<status status="PASS" start="2024-07-20T09:10:01.741443" elapsed="0.000000"/>
</return>
<arg>${left_value}</arg>
<arg>${right_value}</arg>
<doc>Fill in LEFT &amp; RIGHT side bowl values</doc>
<status status="PASS" start="2024-07-20T09:09:52.021588" elapsed="9.719855"/>
</kw>
<msg time="2024-07-20T09:10:01.741992" level="INFO">${test_result} = [0] = [1]</msg>
<var>${test_result}</var>
<arg>Input Test Values</arg>
<arg>${left_value}</arg>
<arg>${right_value}</arg>
<doc>Executes the given keyword with the given arguments.</doc>
<status status="PASS" start="2024-07-20T09:09:52.021588" elapsed="9.720404"/>
</kw>
<kw name="Run Keyword And Return Status" owner="BuiltIn">
<kw name="Should Contain" owner="BuiltIn">
<arg>${test_result}</arg>
<arg>${EQUAL_VALUE}</arg>
<doc>Fails if ``container`` does not contain ``item`` one or more times.</doc>
<status status="PASS" start="2024-07-20T09:10:01.741992" elapsed="0.000545"/>
</kw>
<msg time="2024-07-20T09:10:01.742537" level="INFO">${contains} = True</msg>
<var>${contains}</var>
<arg>Should Contain</arg>
<arg>${test_result}</arg>
<arg>${EQUAL_VALUE}</arg>
<doc>Runs the given keyword with given arguments and returns the status as a Boolean value.</doc>
<status status="PASS" start="2024-07-20T09:10:01.741992" elapsed="0.000545"/>
</kw>
<if>
<branch type="IF" condition="${contains} == ${True}">
<kw name="Get Length" owner="BuiltIn">
<msg time="2024-07-20T09:10:01.743076" level="INFO">Length is 19.</msg>
<msg time="2024-07-20T09:10:01.743618" level="INFO">${list_len} = 19</msg>
<var>${list_len}</var>
<arg>${base_list}</arg>
<doc>Returns and logs the length of the given item as an integer.</doc>
<status status="PASS" start="2024-07-20T09:10:01.743076" elapsed="0.000542"/>
</kw>
<if>
<branch type="IF" condition="${list_len} &gt; 2">
<kw name="Remove From List" owner="Collections">
<arg>${base_list}</arg>
<arg>0</arg>
<doc>Removes and returns the value specified with an ``index`` from ``list``.</doc>
<status status="PASS" start="2024-07-20T09:10:01.743618" elapsed="0.000000"/>
</kw>
<kw name="Remove From List" owner="Collections">
<arg>${test_list}</arg>
<arg>0</arg>
<doc>Removes and returns the value specified with an ``index`` from ``list``.</doc>
<status status="PASS" start="2024-07-20T09:10:01.744160" elapsed="0.000000"/>
</kw>
<status status="PASS" start="2024-07-20T09:10:01.743618" elapsed="0.000542"/>
</branch>
<status status="PASS" start="2024-07-20T09:10:01.743618" elapsed="0.000542"/>
</if>
<kw name="Continue For Loop" owner="BuiltIn">
<msg time="2024-07-20T09:10:01.744702" level="INFO">Continuing for loop from the next iteration.</msg>
<doc>Skips the current FOR loop iteration and continues from the next.</doc>
<status status="PASS" start="2024-07-20T09:10:01.744160" elapsed="0.000542"/>
</kw>
<status status="PASS" start="2024-07-20T09:10:01.743076" elapsed="0.001626"/>
</branch>
<status status="PASS" start="2024-07-20T09:10:01.743076" elapsed="0.001626"/>
</if>
<kw name="Log To Console" owner="BuiltIn">
<arg>${\n}Found Fake : ${test_result}</arg>
<doc>Logs the given message to the console.</doc>
<status status="NOT RUN" start="2024-07-20T09:10:01.744702" elapsed="0.000000"/>
</kw>
<kw name="Split String" owner="String">
<var>@{Split_Values}</var>
<arg>${test_result}</arg>
<doc>Splits the ``string`` using ``separator`` as a delimiter string.</doc>
<status status="NOT RUN" start="2024-07-20T09:10:01.744702" elapsed="0.000000"/>
</kw>
<kw name="Get From List" owner="Collections">
<var>${the_operator}</var>
<arg>${Split_Values}</arg>
<arg>1</arg>
<doc>Returns the value specified with an ``index`` from ``list``.</doc>
<status status="NOT RUN" start="2024-07-20T09:10:01.745240" elapsed="0.000000"/>
</kw>
<if>
<branch type="IF" condition="&quot;${the_operator}&quot; == &quot;${LESS_VALUE}&quot;">
<kw name="Set Variable" owner="BuiltIn">
<var>${fake_num}</var>
<arg>${0}</arg>
<doc>Returns the given values which can then be assigned to a variables.</doc>
<status status="NOT RUN" start="2024-07-20T09:10:01.745240" elapsed="0.000000"/>
</kw>
<status status="NOT RUN" start="2024-07-20T09:10:01.745240" elapsed="0.000000"/>
</branch>
<branch type="ELSE">
<kw name="Set Variable" owner="BuiltIn">
<var>${fake_num}</var>
<arg>${2}</arg>
<doc>Returns the given values which can then be assigned to a variables.</doc>
<status status="NOT RUN" start="2024-07-20T09:10:01.745781" elapsed="0.000000"/>
</kw>
<status status="NOT RUN" start="2024-07-20T09:10:01.745240" elapsed="0.000541"/>
</branch>
<status status="NOT RUN" start="2024-07-20T09:10:01.745240" elapsed="0.000541"/>
</if>
<kw name="Get From List" owner="Collections">
<var>${the_fake_value}</var>
<arg>${Split_Values}</arg>
<arg>${fake_num}</arg>
<doc>Returns the value specified with an ``index`` from ``list``.</doc>
<status status="NOT RUN" start="2024-07-20T09:10:01.745781" elapsed="0.000000"/>
</kw>
<kw name="Log To Console" owner="BuiltIn">
<arg>${\n}Found Fake Value : ${the_fake_value}</arg>
<doc>Logs the given message to the console.</doc>
<status status="NOT RUN" start="2024-07-20T09:10:01.745781" elapsed="0.000000"/>
</kw>
<kw name="Run Keyword" owner="BuiltIn">
<var>${result_text}</var>
<arg>SeleniumLibrary.Get Text</arg>
<arg>${WEIGHING_TEXT}</arg>
<doc>Executes the given keyword with the given arguments.</doc>
<status status="NOT RUN" start="2024-07-20T09:10:01.746319" elapsed="0.000000"/>
</kw>
<kw name="Log To Console" owner="BuiltIn">
<arg>${\n}Bars Tested:${\n}${result_text}${\n}</arg>
<doc>Logs the given message to the console.</doc>
<status status="NOT RUN" start="2024-07-20T09:10:01.746319" elapsed="0.000000"/>
</kw>
<break>
<status status="NOT RUN" start="2024-07-20T09:10:01.746319" elapsed="0.000000"/>
</break>
<var name="${current_value}">0</var>
<status status="PASS" start="2024-07-20T09:09:52.020581" elapsed="9.725738"/>
</iter>
<iter>
<try>
<branch type="TRY">
<kw name="Remove From List" owner="Collections">
<msg time="2024-07-20T09:10:01.747395" level="INFO">${left_value} = 2</msg>
<var>${left_value}</var>
<arg>${base_list}</arg>
<arg>0</arg>
<doc>Removes and returns the value specified with an ``index`` from ``list``.</doc>
<status status="PASS" start="2024-07-20T09:10:01.747395" elapsed="0.000000"/>
</kw>
<kw name="Remove From List" owner="Collections">
<msg time="2024-07-20T09:10:01.747936" level="INFO">${right_value} = 3</msg>
<var>${right_value}</var>
<arg>${test_list}</arg>
<arg>0</arg>
<doc>Removes and returns the value specified with an ``index`` from ``list``.</doc>
<status status="PASS" start="2024-07-20T09:10:01.747395" elapsed="0.000541"/>
</kw>
<status status="PASS" start="2024-07-20T09:10:01.746857" elapsed="0.001079"/>
</branch>
<branch type="EXCEPT">
<kw name="Evaluate" owner="BuiltIn">
<var>${the_fake_value}</var>
<arg>${Num_Items} - 1</arg>
<doc>Evaluates the given expression in Python and returns the result.</doc>
<status status="NOT RUN" start="2024-07-20T09:10:01.747936" elapsed="0.000000"/>
</kw>
<break>
<status status="NOT RUN" start="2024-07-20T09:10:01.747936" elapsed="0.000000"/>
</break>
<status status="NOT RUN" start="2024-07-20T09:10:01.747936" elapsed="0.000538"/>
</branch>
<status status="PASS" start="2024-07-20T09:10:01.746857" elapsed="0.001617"/>
</try>
<kw name="Run Keyword" owner="BuiltIn">
<kw name="Input Test Values" owner="resource_Gold_Coin">
<kw name="Clear Element Text" owner="SeleniumLibrary">
<arg>${LEFT_INPUT_BOX}</arg>
<doc>Clears the value of the text-input-element identified by ``locator``.</doc>
<status status="PASS" start="2024-07-20T09:10:01.749022" elapsed="0.549084"/>
</kw>
<kw name="Input Text" owner="SeleniumLibrary">
<msg time="2024-07-20T09:10:02.300108" level="INFO">Typing text '2' into text field 'xpath=//input[@id='left_0']'.</msg>
<arg>${LEFT_INPUT_BOX}</arg>
<arg>${left_value}</arg>
<doc>Types the given ``text`` into the text field identified by ``locator``.</doc>
<status status="PASS" start="2024-07-20T09:10:02.299106" elapsed="0.841843"/>
</kw>
<kw name="Sleep" owner="BuiltIn">
<msg time="2024-07-20T09:10:04.150807" level="INFO">Slept 1 second.</msg>
<arg>1s</arg>
<doc>Pauses the test executed for the given time.</doc>
<status status="PASS" start="2024-07-20T09:10:03.141948" elapsed="1.008859"/>
</kw>
<kw name="Clear Element Text" owner="SeleniumLibrary">
<arg>${RIGHT_INPUT_BOX}</arg>
<doc>Clears the value of the text-input-element identified by ``locator``.</doc>
<status status="PASS" start="2024-07-20T09:10:04.151807" elapsed="0.544208"/>
</kw>
<kw name="Input Text" owner="SeleniumLibrary">
<msg time="2024-07-20T09:10:04.698029" level="INFO">Typing text '3' into text field 'xpath=//input[@id='right_0']'.</msg>
<arg>${RIGHT_INPUT_BOX}</arg>
<arg>${right_value}</arg>
<doc>Types the given ``text`` into the text field identified by ``locator``.</doc>
<status status="PASS" start="2024-07-20T09:10:04.697035" elapsed="0.841156"/>
</kw>
<kw name="Sleep" owner="BuiltIn">
<msg time="2024-07-20T09:10:06.552890" level="INFO">Slept 1 second.</msg>
<arg>1s</arg>
<doc>Pauses the test executed for the given time.</doc>
<status status="PASS" start="2024-07-20T09:10:05.539672" elapsed="1.013218"/>
</kw>
<kw name="Click Button" owner="SeleniumLibrary">
<msg time="2024-07-20T09:10:06.552890" level="INFO">Clicking button 'xpath=//button[@id='weigh']'.</msg>
<arg>${WEIGH_BUTTON}</arg>
<doc>Clicks the button identified by ``locator``.</doc>
<status status="PASS" start="2024-07-20T09:10:06.552890" elapsed="1.344709"/>
</kw>
<kw name="Sleep" owner="BuiltIn">
<msg time="2024-07-20T09:10:10.908463" level="INFO">Slept 3 seconds.</msg>
<arg>3s</arg>
<doc>Pauses the test executed for the given time.</doc>
<status status="PASS" start="2024-07-20T09:10:07.898567" elapsed="3.009896"/>
</kw>
<kw name="Run Keyword" owner="BuiltIn">
<kw name="Get Text" owner="SeleniumLibrary">
<arg>${WEIGHING_TEXT}</arg>
<doc>Returns the text value of the element identified by ``locator``.</doc>
<status status="PASS" start="2024-07-20T09:10:10.910177" elapsed="0.529678"/>
</kw>
<msg time="2024-07-20T09:10:11.440935" level="INFO">${result_text} = [0] = [1]
[2] = [3]</msg>
<var>${result_text}</var>
<arg>SeleniumLibrary.Get Text</arg>
<arg>${WEIGHING_TEXT}</arg>
<doc>Executes the given keyword with the given arguments.</doc>
<status status="PASS" start="2024-07-20T09:10:10.909662" elapsed="0.531273"/>
</kw>
<kw name="Split String" owner="String">
<msg time="2024-07-20T09:10:11.441917" level="INFO">@{Split_Values} = [ [0] = [1] | [2] = [3] ]</msg>
<var>@{Split_Values}</var>
<arg>${result_text}</arg>
<arg>\n</arg>
<doc>Splits the ``string`` using ``separator`` as a delimiter string.</doc>
<status status="PASS" start="2024-07-20T09:10:11.440935" elapsed="0.000982"/>
</kw>
<kw name="Get From List" owner="Collections">
<msg time="2024-07-20T09:10:11.441917" level="INFO">${the_result} = [2] = [3]</msg>
<var>${the_result}</var>
<arg>${Split_Values}</arg>
<arg>-1</arg>
<doc>Returns the value specified with an ``index`` from ``list``.</doc>
<status status="PASS" start="2024-07-20T09:10:11.441917" elapsed="0.000000"/>
</kw>
<return>
<value>${the_result}</value>
<status status="PASS" start="2024-07-20T09:10:11.441917" elapsed="0.001000"/>
</return>
<arg>${left_value}</arg>
<arg>${right_value}</arg>
<doc>Fill in LEFT &amp; RIGHT side bowl values</doc>
<status status="PASS" start="2024-07-20T09:10:01.748474" elapsed="9.694443"/>
</kw>
<msg time="2024-07-20T09:10:11.442917" level="INFO">${test_result} = [2] = [3]</msg>
<var>${test_result}</var>
<arg>Input Test Values</arg>
<arg>${left_value}</arg>
<arg>${right_value}</arg>
<doc>Executes the given keyword with the given arguments.</doc>
<status status="PASS" start="2024-07-20T09:10:01.748474" elapsed="9.694443"/>
</kw>
<kw name="Run Keyword And Return Status" owner="BuiltIn">
<kw name="Should Contain" owner="BuiltIn">
<arg>${test_result}</arg>
<arg>${EQUAL_VALUE}</arg>
<doc>Fails if ``container`` does not contain ``item`` one or more times.</doc>
<status status="PASS" start="2024-07-20T09:10:11.443423" elapsed="0.000000"/>
</kw>
<msg time="2024-07-20T09:10:11.443423" level="INFO">${contains} = True</msg>
<var>${contains}</var>
<arg>Should Contain</arg>
<arg>${test_result}</arg>
<arg>${EQUAL_VALUE}</arg>
<doc>Runs the given keyword with given arguments and returns the status as a Boolean value.</doc>
<status status="PASS" start="2024-07-20T09:10:11.443423" elapsed="0.000000"/>
</kw>
<if>
<branch type="IF" condition="${contains} == ${True}">
<kw name="Get Length" owner="BuiltIn">
<msg time="2024-07-20T09:10:11.444430" level="INFO">Length is 17.</msg>
<msg time="2024-07-20T09:10:11.444430" level="INFO">${list_len} = 17</msg>
<var>${list_len}</var>
<arg>${base_list}</arg>
<doc>Returns and logs the length of the given item as an integer.</doc>
<status status="PASS" start="2024-07-20T09:10:11.444430" elapsed="0.000000"/>
</kw>
<if>
<branch type="IF" condition="${list_len} &gt; 2">
<kw name="Remove From List" owner="Collections">
<arg>${base_list}</arg>
<arg>0</arg>
<doc>Removes and returns the value specified with an ``index`` from ``list``.</doc>
<status status="PASS" start="2024-07-20T09:10:11.444430" elapsed="0.000000"/>
</kw>
<kw name="Remove From List" owner="Collections">
<arg>${test_list}</arg>
<arg>0</arg>
<doc>Removes and returns the value specified with an ``index`` from ``list``.</doc>
<status status="PASS" start="2024-07-20T09:10:11.444430" elapsed="0.000999"/>
</kw>
<status status="PASS" start="2024-07-20T09:10:11.444430" elapsed="0.000999"/>
</branch>
<status status="PASS" start="2024-07-20T09:10:11.444430" elapsed="0.000999"/>
</if>
<kw name="Continue For Loop" owner="BuiltIn">
<msg time="2024-07-20T09:10:11.445429" level="INFO">Continuing for loop from the next iteration.</msg>
<doc>Skips the current FOR loop iteration and continues from the next.</doc>
<status status="PASS" start="2024-07-20T09:10:11.445429" elapsed="0.000000"/>
</kw>
<status status="PASS" start="2024-07-20T09:10:11.443423" elapsed="0.002006"/>
</branch>
<status status="PASS" start="2024-07-20T09:10:11.443423" elapsed="0.002006"/>
</if>
<kw name="Log To Console" owner="BuiltIn">
<arg>${\n}Found Fake : ${test_result}</arg>
<doc>Logs the given message to the console.</doc>
<status status="NOT RUN" start="2024-07-20T09:10:11.445429" elapsed="0.000000"/>
</kw>
<kw name="Split String" owner="String">
<var>@{Split_Values}</var>
<arg>${test_result}</arg>
<doc>Splits the ``string`` using ``separator`` as a delimiter string.</doc>
<status status="NOT RUN" start="2024-07-20T09:10:11.445429" elapsed="0.000000"/>
</kw>
<kw name="Get From List" owner="Collections">
<var>${the_operator}</var>
<arg>${Split_Values}</arg>
<arg>1</arg>
<doc>Returns the value specified with an ``index`` from ``list``.</doc>
<status status="NOT RUN" start="2024-07-20T09:10:11.445429" elapsed="0.000000"/>
</kw>
<if>
<branch type="IF" condition="&quot;${the_operator}&quot; == &quot;${LESS_VALUE}&quot;">
<kw name="Set Variable" owner="BuiltIn">
<var>${fake_num}</var>
<arg>${0}</arg>
<doc>Returns the given values which can then be assigned to a variables.</doc>
<status status="NOT RUN" start="2024-07-20T09:10:11.446429" elapsed="0.000000"/>
</kw>
<status status="NOT RUN" start="2024-07-20T09:10:11.446429" elapsed="0.000000"/>
</branch>
<branch type="ELSE">
<kw name="Set Variable" owner="BuiltIn">
<var>${fake_num}</var>
<arg>${2}</arg>
<doc>Returns the given values which can then be assigned to a variables.</doc>
<status status="NOT RUN" start="2024-07-20T09:10:11.446429" elapsed="0.000000"/>
</kw>
<status status="NOT RUN" start="2024-07-20T09:10:11.446429" elapsed="0.000000"/>
</branch>
<status status="NOT RUN" start="2024-07-20T09:10:11.446429" elapsed="0.000000"/>
</if>
<kw name="Get From List" owner="Collections">
<var>${the_fake_value}</var>
<arg>${Split_Values}</arg>
<arg>${fake_num}</arg>
<doc>Returns the value specified with an ``index`` from ``list``.</doc>
<status status="NOT RUN" start="2024-07-20T09:10:11.446429" elapsed="0.000000"/>
</kw>
<kw name="Log To Console" owner="BuiltIn">
<arg>${\n}Found Fake Value : ${the_fake_value}</arg>
<doc>Logs the given message to the console.</doc>
<status status="NOT RUN" start="2024-07-20T09:10:11.446429" elapsed="0.000000"/>
</kw>
<kw name="Run Keyword" owner="BuiltIn">
<var>${result_text}</var>
<arg>SeleniumLibrary.Get Text</arg>
<arg>${WEIGHING_TEXT}</arg>
<doc>Executes the given keyword with the given arguments.</doc>
<status status="NOT RUN" start="2024-07-20T09:10:11.446429" elapsed="0.000000"/>
</kw>
<kw name="Log To Console" owner="BuiltIn">
<arg>${\n}Bars Tested:${\n}${result_text}${\n}</arg>
<doc>Logs the given message to the console.</doc>
<status status="NOT RUN" start="2024-07-20T09:10:11.447429" elapsed="0.000000"/>
</kw>
<break>
<status status="NOT RUN" start="2024-07-20T09:10:11.447429" elapsed="0.000000"/>
</break>
<var name="${current_value}">1</var>
<status status="PASS" start="2024-07-20T09:10:01.746857" elapsed="9.700572"/>
</iter>
<iter>
<try>
<branch type="TRY">
<kw name="Remove From List" owner="Collections">
<msg time="2024-07-20T09:10:11.448429" level="INFO">${left_value} = 4</msg>
<var>${left_value}</var>
<arg>${base_list}</arg>
<arg>0</arg>
<doc>Removes and returns the value specified with an ``index`` from ``list``.</doc>
<status status="PASS" start="2024-07-20T09:10:11.448429" elapsed="0.000000"/>
</kw>
<kw name="Remove From List" owner="Collections">
<msg time="2024-07-20T09:10:11.448429" level="INFO">${right_value} = 5</msg>
<var>${right_value}</var>
<arg>${test_list}</arg>
<arg>0</arg>
<doc>Removes and returns the value specified with an ``index`` from ``list``.</doc>
<status status="PASS" start="2024-07-20T09:10:11.448429" elapsed="0.000000"/>
</kw>
<status status="PASS" start="2024-07-20T09:10:11.447429" elapsed="0.001000"/>
</branch>
<branch type="EXCEPT">
<kw name="Evaluate" owner="BuiltIn">
<var>${the_fake_value}</var>
<arg>${Num_Items} - 1</arg>
<doc>Evaluates the given expression in Python and returns the result.</doc>
<status status="NOT RUN" start="2024-07-20T09:10:11.448429" elapsed="0.000000"/>
</kw>
<break>
<status status="NOT RUN" start="2024-07-20T09:10:11.448429" elapsed="0.001000"/>
</break>
<status status="NOT RUN" start="2024-07-20T09:10:11.448429" elapsed="0.001000"/>
</branch>
<status status="PASS" start="2024-07-20T09:10:11.447429" elapsed="0.002000"/>
</try>
<kw name="Run Keyword" owner="BuiltIn">
<kw name="Input Test Values" owner="resource_Gold_Coin">
<kw name="Clear Element Text" owner="SeleniumLibrary">
<arg>${LEFT_INPUT_BOX}</arg>
<doc>Clears the value of the text-input-element identified by ``locator``.</doc>
<status status="PASS" start="2024-07-20T09:10:11.449429" elapsed="0.551398"/>
</kw>
<kw name="Input Text" owner="SeleniumLibrary">
<msg time="2024-07-20T09:10:12.002928" level="INFO">Typing text '4' into text field 'xpath=//input[@id='left_0']'.</msg>
<arg>${LEFT_INPUT_BOX}</arg>
<arg>${left_value}</arg>
<doc>Types the given ``text`` into the text field identified by ``locator``.</doc>
<status status="PASS" start="2024-07-20T09:10:12.002395" elapsed="0.845845"/>
</kw>
<kw name="Sleep" owner="BuiltIn">
<msg time="2024-07-20T09:10:13.864460" level="INFO">Slept 1 second.</msg>
<arg>1s</arg>
<doc>Pauses the test executed for the given time.</doc>
<status status="PASS" start="2024-07-20T09:10:12.849817" elapsed="1.014643"/>
</kw>
<kw name="Clear Element Text" owner="SeleniumLibrary">
<arg>${RIGHT_INPUT_BOX}</arg>
<doc>Clears the value of the text-input-element identified by ``locator``.</doc>
<status status="PASS" start="2024-07-20T09:10:13.865909" elapsed="0.542272"/>
</kw>
<kw name="Input Text" owner="SeleniumLibrary">
<msg time="2024-07-20T09:10:14.410263" level="INFO">Typing text '5' into text field 'xpath=//input[@id='right_0']'.</msg>
<arg>${RIGHT_INPUT_BOX}</arg>
<arg>${right_value}</arg>
<doc>Types the given ``text`` into the text field identified by ``locator``.</doc>
<status status="PASS" start="2024-07-20T09:10:14.409274" elapsed="0.840946"/>
</kw>
<kw name="Sleep" owner="BuiltIn">
<msg time="2024-07-20T09:10:16.252233" level="INFO">Slept 1 second.</msg>
<arg>1s</arg>
<doc>Pauses the test executed for the given time.</doc>
<status status="PASS" start="2024-07-20T09:10:15.250826" elapsed="1.001805"/>
</kw>
<kw name="Click Button" owner="SeleniumLibrary">
<msg time="2024-07-20T09:10:16.253803" level="INFO">Clicking button 'xpath=//button[@id='weigh']'.</msg>
<arg>${WEIGH_BUTTON}</arg>
<doc>Clicks the button identified by ``locator``.</doc>
<status status="PASS" start="2024-07-20T09:10:16.253239" elapsed="1.340353"/>
</kw>
<kw name="Sleep" owner="BuiltIn">
<msg time="2024-07-20T09:10:20.609967" level="INFO">Slept 3 seconds.</msg>
<arg>3s</arg>
<doc>Pauses the test executed for the given time.</doc>
<status status="PASS" start="2024-07-20T09:10:17.594637" elapsed="3.015330"/>
</kw>
<kw name="Run Keyword" owner="BuiltIn">
<kw name="Get Text" owner="SeleniumLibrary">
<arg>${WEIGHING_TEXT}</arg>
<doc>Returns the text value of the element identified by ``locator``.</doc>
<status status="PASS" start="2024-07-20T09:10:20.610974" elapsed="0.529699"/>
</kw>
<msg time="2024-07-20T09:10:21.141742" level="INFO">${result_text} = [0] = [1]
[2] = [3]
[4] = [5]</msg>
<var>${result_text}</var>
<arg>SeleniumLibrary.Get Text</arg>
<arg>${WEIGHING_TEXT}</arg>
<doc>Executes the given keyword with the given arguments.</doc>
<status status="PASS" start="2024-07-20T09:10:20.610974" elapsed="0.530768"/>
</kw>
<kw name="Split String" owner="String">
<msg time="2024-07-20T09:10:21.141742" level="INFO">@{Split_Values} = [ [0] = [1] | [2] = [3] | [4] = [5] ]</msg>
<var>@{Split_Values}</var>
<arg>${result_text}</arg>
<arg>\n</arg>
<doc>Splits the ``string`` using ``separator`` as a delimiter string.</doc>
<status status="PASS" start="2024-07-20T09:10:21.141742" elapsed="0.000000"/>
</kw>
<kw name="Get From List" owner="Collections">
<msg time="2024-07-20T09:10:21.143148" level="INFO">${the_result} = [4] = [5]</msg>
<var>${the_result}</var>
<arg>${Split_Values}</arg>
<arg>-1</arg>
<doc>Returns the value specified with an ``index`` from ``list``.</doc>
<status status="PASS" start="2024-07-20T09:10:21.141742" elapsed="0.001406"/>
</kw>
<return>
<value>${the_result}</value>
<status status="PASS" start="2024-07-20T09:10:21.143148" elapsed="0.000000"/>
</return>
<arg>${left_value}</arg>
<arg>${right_value}</arg>
<doc>Fill in LEFT &amp; RIGHT side bowl values</doc>
<status status="PASS" start="2024-07-20T09:10:11.449429" elapsed="9.694224"/>
</kw>
<msg time="2024-07-20T09:10:21.143653" level="INFO">${test_result} = [4] = [5]</msg>
<var>${test_result}</var>
<arg>Input Test Values</arg>
<arg>${left_value}</arg>
<arg>${right_value}</arg>
<doc>Executes the given keyword with the given arguments.</doc>
<status status="PASS" start="2024-07-20T09:10:11.449429" elapsed="9.694224"/>
</kw>
<kw name="Run Keyword And Return Status" owner="BuiltIn">
<kw name="Should Contain" owner="BuiltIn">
<arg>${test_result}</arg>
<arg>${EQUAL_VALUE}</arg>
<doc>Fails if ``container`` does not contain ``item`` one or more times.</doc>
<status status="PASS" start="2024-07-20T09:10:21.143653" elapsed="0.000000"/>
</kw>
<msg time="2024-07-20T09:10:21.143653" level="INFO">${contains} = True</msg>
<var>${contains}</var>
<arg>Should Contain</arg>
<arg>${test_result}</arg>
<arg>${EQUAL_VALUE}</arg>
<doc>Runs the given keyword with given arguments and returns the status as a Boolean value.</doc>
<status status="PASS" start="2024-07-20T09:10:21.143653" elapsed="0.000000"/>
</kw>
<if>
<branch type="IF" condition="${contains} == ${True}">
<kw name="Get Length" owner="BuiltIn">
<msg time="2024-07-20T09:10:21.144661" level="INFO">Length is 15.</msg>
<msg time="2024-07-20T09:10:21.144661" level="INFO">${list_len} = 15</msg>
<var>${list_len}</var>
<arg>${base_list}</arg>
<doc>Returns and logs the length of the given item as an integer.</doc>
<status status="PASS" start="2024-07-20T09:10:21.144661" elapsed="0.000000"/>
</kw>
<if>
<branch type="IF" condition="${list_len} &gt; 2">
<kw name="Remove From List" owner="Collections">
<arg>${base_list}</arg>
<arg>0</arg>
<doc>Removes and returns the value specified with an ``index`` from ``list``.</doc>
<status status="PASS" start="2024-07-20T09:10:21.144661" elapsed="0.000000"/>
</kw>
<kw name="Remove From List" owner="Collections">
<arg>${test_list}</arg>
<arg>0</arg>
<doc>Removes and returns the value specified with an ``index`` from ``list``.</doc>
<status status="PASS" start="2024-07-20T09:10:21.145661" elapsed="0.000000"/>
</kw>
<status status="PASS" start="2024-07-20T09:10:21.144661" elapsed="0.001000"/>
</branch>
<status status="PASS" start="2024-07-20T09:10:21.144661" elapsed="0.001000"/>
</if>
<kw name="Continue For Loop" owner="BuiltIn">
<msg time="2024-07-20T09:10:21.145661" level="INFO">Continuing for loop from the next iteration.</msg>
<doc>Skips the current FOR loop iteration and continues from the next.</doc>
<status status="PASS" start="2024-07-20T09:10:21.145661" elapsed="0.000000"/>
</kw>
<status status="PASS" start="2024-07-20T09:10:21.143653" elapsed="0.002008"/>
</branch>
<status status="PASS" start="2024-07-20T09:10:21.143653" elapsed="0.002008"/>
</if>
<kw name="Log To Console" owner="BuiltIn">
<arg>${\n}Found Fake : ${test_result}</arg>
<doc>Logs the given message to the console.</doc>
<status status="NOT RUN" start="2024-07-20T09:10:21.145661" elapsed="0.000000"/>
</kw>
<kw name="Split String" owner="String">
<var>@{Split_Values}</var>
<arg>${test_result}</arg>
<doc>Splits the ``string`` using ``separator`` as a delimiter string.</doc>
<status status="NOT RUN" start="2024-07-20T09:10:21.146660" elapsed="0.000000"/>
</kw>
<kw name="Get From List" owner="Collections">
<var>${the_operator}</var>
<arg>${Split_Values}</arg>
<arg>1</arg>
<doc>Returns the value specified with an ``index`` from ``list``.</doc>
<status status="NOT RUN" start="2024-07-20T09:10:21.146660" elapsed="0.000000"/>
</kw>
<if>
<branch type="IF" condition="&quot;${the_operator}&quot; == &quot;${LESS_VALUE}&quot;">
<kw name="Set Variable" owner="BuiltIn">
<var>${fake_num}</var>
<arg>${0}</arg>
<doc>Returns the given values which can then be assigned to a variables.</doc>
<status status="NOT RUN" start="2024-07-20T09:10:21.146660" elapsed="0.000000"/>
</kw>
<status status="NOT RUN" start="2024-07-20T09:10:21.146660" elapsed="0.000000"/>
</branch>
<branch type="ELSE">
<kw name="Set Variable" owner="BuiltIn">
<var>${fake_num}</var>
<arg>${2}</arg>
<doc>Returns the given values which can then be assigned to a variables.</doc>
<status status="NOT RUN" start="2024-07-20T09:10:21.146660" elapsed="0.000000"/>
</kw>
<status status="NOT RUN" start="2024-07-20T09:10:21.146660" elapsed="0.000000"/>
</branch>
<status status="NOT RUN" start="2024-07-20T09:10:21.146660" elapsed="0.000000"/>
</if>
<kw name="Get From List" owner="Collections">
<var>${the_fake_value}</var>
<arg>${Split_Values}</arg>
<arg>${fake_num}</arg>
<doc>Returns the value specified with an ``index`` from ``list``.</doc>
<status status="NOT RUN" start="2024-07-20T09:10:21.146660" elapsed="0.000000"/>
</kw>
<kw name="Log To Console" owner="BuiltIn">
<arg>${\n}Found Fake Value : ${the_fake_value}</arg>
<doc>Logs the given message to the console.</doc>
<status status="NOT RUN" start="2024-07-20T09:10:21.146660" elapsed="0.001000"/>
</kw>
<kw name="Run Keyword" owner="BuiltIn">
<var>${result_text}</var>
<arg>SeleniumLibrary.Get Text</arg>
<arg>${WEIGHING_TEXT}</arg>
<doc>Executes the given keyword with the given arguments.</doc>
<status status="NOT RUN" start="2024-07-20T09:10:21.147660" elapsed="0.000000"/>
</kw>
<kw name="Log To Console" owner="BuiltIn">
<arg>${\n}Bars Tested:${\n}${result_text}${\n}</arg>
<doc>Logs the given message to the console.</doc>
<status status="NOT RUN" start="2024-07-20T09:10:21.147660" elapsed="0.000000"/>
</kw>
<break>
<status status="NOT RUN" start="2024-07-20T09:10:21.147660" elapsed="0.000000"/>
</break>
<var name="${current_value}">2</var>
<status status="PASS" start="2024-07-20T09:10:11.447429" elapsed="9.700231"/>
</iter>
<iter>
<try>
<branch type="TRY">
<kw name="Remove From List" owner="Collections">
<msg time="2024-07-20T09:10:21.148660" level="INFO">${left_value} = 6</msg>
<var>${left_value}</var>
<arg>${base_list}</arg>
<arg>0</arg>
<doc>Removes and returns the value specified with an ``index`` from ``list``.</doc>
<status status="PASS" start="2024-07-20T09:10:21.148660" elapsed="0.000000"/>
</kw>
<kw name="Remove From List" owner="Collections">
<msg time="2024-07-20T09:10:21.149660" level="INFO">${right_value} = 7</msg>
<var>${right_value}</var>
<arg>${test_list}</arg>
<arg>0</arg>
<doc>Removes and returns the value specified with an ``index`` from ``list``.</doc>
<status status="PASS" start="2024-07-20T09:10:21.148660" elapsed="0.001000"/>
</kw>
<status status="PASS" start="2024-07-20T09:10:21.147660" elapsed="0.002000"/>
</branch>
<branch type="EXCEPT">
<kw name="Evaluate" owner="BuiltIn">
<var>${the_fake_value}</var>
<arg>${Num_Items} - 1</arg>
<doc>Evaluates the given expression in Python and returns the result.</doc>
<status status="NOT RUN" start="2024-07-20T09:10:21.149660" elapsed="0.000000"/>
</kw>
<break>
<status status="NOT RUN" start="2024-07-20T09:10:21.149660" elapsed="0.000000"/>
</break>
<status status="NOT RUN" start="2024-07-20T09:10:21.149660" elapsed="0.000000"/>
</branch>
<status status="PASS" start="2024-07-20T09:10:21.147660" elapsed="0.002000"/>
</try>
<kw name="Run Keyword" owner="BuiltIn">
<kw name="Input Test Values" owner="resource_Gold_Coin">
<kw name="Clear Element Text" owner="SeleniumLibrary">
<arg>${LEFT_INPUT_BOX}</arg>
<doc>Clears the value of the text-input-element identified by ``locator``.</doc>
<status status="PASS" start="2024-07-20T09:10:21.150660" elapsed="0.550322"/>
</kw>
<kw name="Input Text" owner="SeleniumLibrary">
<msg time="2024-07-20T09:10:21.701955" level="INFO">Typing text '6' into text field 'xpath=//input[@id='left_0']'.</msg>
<arg>${LEFT_INPUT_BOX}</arg>
<arg>${left_value}</arg>
<doc>Types the given ``text`` into the text field identified by ``locator``.</doc>
<status status="PASS" start="2024-07-20T09:10:21.701955" elapsed="0.861072"/>
</kw>
<kw name="Sleep" owner="BuiltIn">
<msg time="2024-07-20T09:10:23.571263" level="INFO">Slept 1 second.</msg>
<arg>1s</arg>
<doc>Pauses the test executed for the given time.</doc>
<status status="PASS" start="2024-07-20T09:10:22.564437" elapsed="1.006826"/>
</kw>
<kw name="Clear Element Text" owner="SeleniumLibrary">
<arg>${RIGHT_INPUT_BOX}</arg>
<doc>Clears the value of the text-input-element identified by ``locator``.</doc>
<status status="PASS" start="2024-07-20T09:10:23.571263" elapsed="0.551990"/>
</kw>
<kw name="Input Text" owner="SeleniumLibrary">
<msg time="2024-07-20T09:10:24.124252" level="INFO">Typing text '7' into text field 'xpath=//input[@id='right_0']'.</msg>
<arg>${RIGHT_INPUT_BOX}</arg>
<arg>${right_value}</arg>
<doc>Types the given ``text`` into the text field identified by ``locator``.</doc>
<status status="PASS" start="2024-07-20T09:10:24.123253" elapsed="0.845608"/>
</kw>
<kw name="Sleep" owner="BuiltIn">
<msg time="2024-07-20T09:10:25.973176" level="INFO">Slept 1 second.</msg>
<arg>1s</arg>
<doc>Pauses the test executed for the given time.</doc>
<status status="PASS" start="2024-07-20T09:10:24.970349" elapsed="1.002827"/>
</kw>
<kw name="Click Button" owner="SeleniumLibrary">
<msg time="2024-07-20T09:10:25.974202" level="INFO">Clicking button 'xpath=//button[@id='weigh']'.</msg>
<arg>${WEIGH_BUTTON}</arg>
<doc>Clicks the button identified by ``locator``.</doc>
<status status="PASS" start="2024-07-20T09:10:25.974202" elapsed="1.337803"/>
</kw>
<kw name="Sleep" owner="BuiltIn">
<msg time="2024-07-20T09:10:30.323640" level="INFO">Slept 3 seconds.</msg>
<arg>3s</arg>
<doc>Pauses the test executed for the given time.</doc>
<status status="PASS" start="2024-07-20T09:10:27.313007" elapsed="3.010633"/>
</kw>
<kw name="Run Keyword" owner="BuiltIn">
<kw name="Get Text" owner="SeleniumLibrary">
<arg>${WEIGHING_TEXT}</arg>
<doc>Returns the text value of the element identified by ``locator``.</doc>
<status status="PASS" start="2024-07-20T09:10:30.325028" elapsed="0.526526"/>
</kw>
<msg time="2024-07-20T09:10:30.852618" level="INFO">${result_text} = [0] = [1]
[2] = [3]
[4] = [5]
[6] = [7]</msg>
<var>${result_text}</var>
<arg>SeleniumLibrary.Get Text</arg>
<arg>${WEIGHING_TEXT}</arg>
<doc>Executes the given keyword with the given arguments.</doc>
<status status="PASS" start="2024-07-20T09:10:30.323640" elapsed="0.528978"/>
</kw>
<kw name="Split String" owner="String">
<msg time="2024-07-20T09:10:30.853635" level="INFO">@{Split_Values} = [ [0] = [1] | [2] = [3] | [4] = [5] | [6] = [7] ]</msg>
<var>@{Split_Values}</var>
<arg>${result_text}</arg>
<arg>\n</arg>
<doc>Splits the ``string`` using ``separator`` as a delimiter string.</doc>
<status status="PASS" start="2024-07-20T09:10:30.852618" elapsed="0.001017"/>
</kw>
<kw name="Get From List" owner="Collections">
<msg time="2024-07-20T09:10:30.853635" level="INFO">${the_result} = [6] = [7]</msg>
<var>${the_result}</var>
<arg>${Split_Values}</arg>
<arg>-1</arg>
<doc>Returns the value specified with an ``index`` from ``list``.</doc>
<status status="PASS" start="2024-07-20T09:10:30.853635" elapsed="0.000000"/>
</kw>
<return>
<value>${the_result}</value>
<status status="PASS" start="2024-07-20T09:10:30.853635" elapsed="0.000000"/>
</return>
<arg>${left_value}</arg>
<arg>${right_value}</arg>
<doc>Fill in LEFT &amp; RIGHT side bowl values</doc>
<status status="PASS" start="2024-07-20T09:10:21.150660" elapsed="9.703983"/>
</kw>
<msg time="2024-07-20T09:10:30.854643" level="INFO">${test_result} = [6] = [7]</msg>
<var>${test_result}</var>
<arg>Input Test Values</arg>
<arg>${left_value}</arg>
<arg>${right_value}</arg>
<doc>Executes the given keyword with the given arguments.</doc>
<status status="PASS" start="2024-07-20T09:10:21.150660" elapsed="9.703983"/>
</kw>
<kw name="Run Keyword And Return Status" owner="BuiltIn">
<kw name="Should Contain" owner="BuiltIn">
<arg>${test_result}</arg>
<arg>${EQUAL_VALUE}</arg>
<doc>Fails if ``container`` does not contain ``item`` one or more times.</doc>
<status status="PASS" start="2024-07-20T09:10:30.854643" elapsed="0.000000"/>
</kw>
<msg time="2024-07-20T09:10:30.854643" level="INFO">${contains} = True</msg>
<var>${contains}</var>
<arg>Should Contain</arg>
<arg>${test_result}</arg>
<arg>${EQUAL_VALUE}</arg>
<doc>Runs the given keyword with given arguments and returns the status as a Boolean value.</doc>
<status status="PASS" start="2024-07-20T09:10:30.854643" elapsed="0.000000"/>
</kw>
<if>
<branch type="IF" condition="${contains} == ${True}">
<kw name="Get Length" owner="BuiltIn">
<msg time="2024-07-20T09:10:30.855642" level="INFO">Length is 13.</msg>
<msg time="2024-07-20T09:10:30.855642" level="INFO">${list_len} = 13</msg>
<var>${list_len}</var>
<arg>${base_list}</arg>
<doc>Returns and logs the length of the given item as an integer.</doc>
<status status="PASS" start="2024-07-20T09:10:30.855642" elapsed="0.000000"/>
</kw>
<if>
<branch type="IF" condition="${list_len} &gt; 2">
<kw name="Remove From List" owner="Collections">
<arg>${base_list}</arg>
<arg>0</arg>
<doc>Removes and returns the value specified with an ``index`` from ``list``.</doc>
<status status="PASS" start="2024-07-20T09:10:30.855642" elapsed="0.000000"/>
</kw>
<kw name="Remove From List" owner="Collections">
<arg>${test_list}</arg>
<arg>0</arg>
<doc>Removes and returns the value specified with an ``index`` from ``list``.</doc>
<status status="PASS" start="2024-07-20T09:10:30.856642" elapsed="0.000000"/>
</kw>
<status status="PASS" start="2024-07-20T09:10:30.855642" elapsed="0.001000"/>
</branch>
<status status="PASS" start="2024-07-20T09:10:30.855642" elapsed="0.001000"/>
</if>
<kw name="Continue For Loop" owner="BuiltIn">
<msg time="2024-07-20T09:10:30.856642" level="INFO">Continuing for loop from the next iteration.</msg>
<doc>Skips the current FOR loop iteration and continues from the next.</doc>
<status status="PASS" start="2024-07-20T09:10:30.856642" elapsed="0.000000"/>
</kw>
<status status="PASS" start="2024-07-20T09:10:30.855642" elapsed="0.001000"/>
</branch>
<status status="PASS" start="2024-07-20T09:10:30.855642" elapsed="0.001000"/>
</if>
<kw name="Log To Console" owner="BuiltIn">
<arg>${\n}Found Fake : ${test_result}</arg>
<doc>Logs the given message to the console.</doc>
<status status="NOT RUN" start="2024-07-20T09:10:30.856642" elapsed="0.000000"/>
</kw>
<kw name="Split String" owner="String">
<var>@{Split_Values}</var>
<arg>${test_result}</arg>
<doc>Splits the ``string`` using ``separator`` as a delimiter string.</doc>
<status status="NOT RUN" start="2024-07-20T09:10:30.856642" elapsed="0.001000"/>
</kw>
<kw name="Get From List" owner="Collections">
<var>${the_operator}</var>
<arg>${Split_Values}</arg>
<arg>1</arg>
<doc>Returns the value specified with an ``index`` from ``list``.</doc>
<status status="NOT RUN" start="2024-07-20T09:10:30.857642" elapsed="0.000000"/>
</kw>
<if>
<branch type="IF" condition="&quot;${the_operator}&quot; == &quot;${LESS_VALUE}&quot;">
<kw name="Set Variable" owner="BuiltIn">
<var>${fake_num}</var>
<arg>${0}</arg>
<doc>Returns the given values which can then be assigned to a variables.</doc>
<status status="NOT RUN" start="2024-07-20T09:10:30.857642" elapsed="0.000000"/>
</kw>
<status status="NOT RUN" start="2024-07-20T09:10:30.857642" elapsed="0.000000"/>
</branch>
<branch type="ELSE">
<kw name="Set Variable" owner="BuiltIn">
<var>${fake_num}</var>
<arg>${2}</arg>
<doc>Returns the given values which can then be assigned to a variables.</doc>
<status status="NOT RUN" start="2024-07-20T09:10:30.857642" elapsed="0.000000"/>
</kw>
<status status="NOT RUN" start="2024-07-20T09:10:30.857642" elapsed="0.000000"/>
</branch>
<status status="NOT RUN" start="2024-07-20T09:10:30.857642" elapsed="0.000000"/>
</if>
<kw name="Get From List" owner="Collections">
<var>${the_fake_value}</var>
<arg>${Split_Values}</arg>
<arg>${fake_num}</arg>
<doc>Returns the value specified with an ``index`` from ``list``.</doc>
<status status="NOT RUN" start="2024-07-20T09:10:30.857642" elapsed="0.000000"/>
</kw>
<kw name="Log To Console" owner="BuiltIn">
<arg>${\n}Found Fake Value : ${the_fake_value}</arg>
<doc>Logs the given message to the console.</doc>
<status status="NOT RUN" start="2024-07-20T09:10:30.857642" elapsed="0.000000"/>
</kw>
<kw name="Run Keyword" owner="BuiltIn">
<var>${result_text}</var>
<arg>SeleniumLibrary.Get Text</arg>
<arg>${WEIGHING_TEXT}</arg>
<doc>Executes the given keyword with the given arguments.</doc>
<status status="NOT RUN" start="2024-07-20T09:10:30.858642" elapsed="0.000000"/>
</kw>
<kw name="Log To Console" owner="BuiltIn">
<arg>${\n}Bars Tested:${\n}${result_text}${\n}</arg>
<doc>Logs the given message to the console.</doc>
<status status="NOT RUN" start="2024-07-20T09:10:30.858642" elapsed="0.000000"/>
</kw>
<break>
<status status="NOT RUN" start="2024-07-20T09:10:30.858642" elapsed="0.000000"/>
</break>
<var name="${current_value}">3</var>
<status status="PASS" start="2024-07-20T09:10:21.147660" elapsed="9.710982"/>
</iter>
<iter>
<try>
<branch type="TRY">
<kw name="Remove From List" owner="Collections">
<msg time="2024-07-20T09:10:30.859642" level="INFO">${left_value} = 8</msg>
<var>${left_value}</var>
<arg>${base_list}</arg>
<arg>0</arg>
<doc>Removes and returns the value specified with an ``index`` from ``list``.</doc>
<status status="PASS" start="2024-07-20T09:10:30.858642" elapsed="0.001000"/>
</kw>
<kw name="Remove From List" owner="Collections">
<msg time="2024-07-20T09:10:30.859642" level="INFO">${right_value} = 9</msg>
<var>${right_value}</var>
<arg>${test_list}</arg>
<arg>0</arg>
<doc>Removes and returns the value specified with an ``index`` from ``list``.</doc>
<status status="PASS" start="2024-07-20T09:10:30.859642" elapsed="0.000000"/>
</kw>
<status status="PASS" start="2024-07-20T09:10:30.858642" elapsed="0.001000"/>
</branch>
<branch type="EXCEPT">
<kw name="Evaluate" owner="BuiltIn">
<var>${the_fake_value}</var>
<arg>${Num_Items} - 1</arg>
<doc>Evaluates the given expression in Python and returns the result.</doc>
<status status="NOT RUN" start="2024-07-20T09:10:30.859642" elapsed="0.000000"/>
</kw>
<break>
<status status="NOT RUN" start="2024-07-20T09:10:30.859642" elapsed="0.000000"/>
</break>
<status status="NOT RUN" start="2024-07-20T09:10:30.859642" elapsed="0.000000"/>
</branch>
<status status="PASS" start="2024-07-20T09:10:30.858642" elapsed="0.001000"/>
</try>
<kw name="Run Keyword" owner="BuiltIn">
<kw name="Input Test Values" owner="resource_Gold_Coin">
<kw name="Clear Element Text" owner="SeleniumLibrary">
<arg>${LEFT_INPUT_BOX}</arg>
<doc>Clears the value of the text-input-element identified by ``locator``.</doc>
<status status="PASS" start="2024-07-20T09:10:30.860642" elapsed="0.551048"/>
</kw>
<kw name="Input Text" owner="SeleniumLibrary">
<msg time="2024-07-20T09:10:31.413750" level="INFO">Typing text '8' into text field 'xpath=//input[@id='left_0']'.</msg>
<arg>${LEFT_INPUT_BOX}</arg>
<arg>${left_value}</arg>
<doc>Types the given ``text`` into the text field identified by ``locator``.</doc>
<status status="PASS" start="2024-07-20T09:10:31.412769" elapsed="0.839992"/>
</kw>
<kw name="Sleep" owner="BuiltIn">
<msg time="2024-07-20T09:10:33.265961" level="INFO">Slept 1 second.</msg>
<arg>1s</arg>
<doc>Pauses the test executed for the given time.</doc>
<status status="PASS" start="2024-07-20T09:10:32.253989" elapsed="1.011972"/>
</kw>
<kw name="Clear Element Text" owner="SeleniumLibrary">
<arg>${RIGHT_INPUT_BOX}</arg>
<doc>Clears the value of the text-input-element identified by ``locator``.</doc>
<status status="PASS" start="2024-07-20T09:10:33.265961" elapsed="0.542978"/>
</kw>
<kw name="Input Text" owner="SeleniumLibrary">
<msg time="2024-07-20T09:10:33.809446" level="INFO">Typing text '9' into text field 'xpath=//input[@id='right_0']'.</msg>
<arg>${RIGHT_INPUT_BOX}</arg>
<arg>${right_value}</arg>
<doc>Types the given ``text`` into the text field identified by ``locator``.</doc>
<status status="PASS" start="2024-07-20T09:10:33.808939" elapsed="0.861538"/>
</kw>
<kw name="Sleep" owner="BuiltIn">
<msg time="2024-07-20T09:10:35.685063" level="INFO">Slept 1 second.</msg>
<arg>1s</arg>
<doc>Pauses the test executed for the given time.</doc>
<status status="PASS" start="2024-07-20T09:10:34.670477" elapsed="1.014586"/>
</kw>
<kw name="Click Button" owner="SeleniumLibrary">
<msg time="2024-07-20T09:10:35.686058" level="INFO">Clicking button 'xpath=//button[@id='weigh']'.</msg>
<arg>${WEIGH_BUTTON}</arg>
<doc>Clicks the button identified by ``locator``.</doc>
<status status="PASS" start="2024-07-20T09:10:35.685063" elapsed="1.344104"/>
</kw>
<kw name="Sleep" owner="BuiltIn">
<msg time="2024-07-20T09:10:40.032856" level="INFO">Slept 3 seconds.</msg>
<arg>3s</arg>
<doc>Pauses the test executed for the given time.</doc>
<status status="PASS" start="2024-07-20T09:10:37.029167" elapsed="3.003689"/>
</kw>
<kw name="Run Keyword" owner="BuiltIn">
<kw name="Get Text" owner="SeleniumLibrary">
<arg>${WEIGHING_TEXT}</arg>
<doc>Returns the text value of the element identified by ``locator``.</doc>
<status status="PASS" start="2024-07-20T09:10:40.034491" elapsed="0.529498"/>
</kw>
<msg time="2024-07-20T09:10:40.564371" level="INFO">${result_text} = [0] = [1]
[2] = [3]
[4] = [5]
[6] = [7]
[8] = [9]</msg>
<var>${result_text}</var>
<arg>SeleniumLibrary.Get Text</arg>
<arg>${WEIGHING_TEXT}</arg>
<doc>Executes the given keyword with the given arguments.</doc>
<status status="PASS" start="2024-07-20T09:10:40.033985" elapsed="0.530386"/>
</kw>
<kw name="Split String" owner="String">
<msg time="2024-07-20T09:10:40.565463" level="INFO">@{Split_Values} = [ [0] = [1] | [2] = [3] | [4] = [5] | [6] = [7] | [8] = [9] ]</msg>
<var>@{Split_Values}</var>
<arg>${result_text}</arg>
<arg>\n</arg>
<doc>Splits the ``string`` using ``separator`` as a delimiter string.</doc>
<status status="PASS" start="2024-07-20T09:10:40.564882" elapsed="0.000581"/>
</kw>
<kw name="Get From List" owner="Collections">
<msg time="2024-07-20T09:10:40.566019" level="INFO">${the_result} = [8] = [9]</msg>
<var>${the_result}</var>
<arg>${Split_Values}</arg>
<arg>-1</arg>
<doc>Returns the value specified with an ``index`` from ``list``.</doc>
<status status="PASS" start="2024-07-20T09:10:40.565463" elapsed="0.000556"/>
</kw>
<return>
<value>${the_result}</value>
<status status="PASS" start="2024-07-20T09:10:40.566019" elapsed="0.000000"/>
</return>
<arg>${left_value}</arg>
<arg>${right_value}</arg>
<doc>Fill in LEFT &amp; RIGHT side bowl values</doc>
<status status="PASS" start="2024-07-20T09:10:30.860642" elapsed="9.705377"/>
</kw>
<msg time="2024-07-20T09:10:40.566019" level="INFO">${test_result} = [8] = [9]</msg>
<var>${test_result}</var>
<arg>Input Test Values</arg>
<arg>${left_value}</arg>
<arg>${right_value}</arg>
<doc>Executes the given keyword with the given arguments.</doc>
<status status="PASS" start="2024-07-20T09:10:30.860642" elapsed="9.705377"/>
</kw>
<kw name="Run Keyword And Return Status" owner="BuiltIn">
<kw name="Should Contain" owner="BuiltIn">
<arg>${test_result}</arg>
<arg>${EQUAL_VALUE}</arg>
<doc>Fails if ``container`` does not contain ``item`` one or more times.</doc>
<status status="PASS" start="2024-07-20T09:10:40.566568" elapsed="0.000545"/>
</kw>
<msg time="2024-07-20T09:10:40.567113" level="INFO">${contains} = True</msg>
<var>${contains}</var>
<arg>Should Contain</arg>
<arg>${test_result}</arg>
<arg>${EQUAL_VALUE}</arg>
<doc>Runs the given keyword with given arguments and returns the status as a Boolean value.</doc>
<status status="PASS" start="2024-07-20T09:10:40.566568" elapsed="0.000545"/>
</kw>
<if>
<branch type="IF" condition="${contains} == ${True}">
<kw name="Get Length" owner="BuiltIn">
<msg time="2024-07-20T09:10:40.567667" level="INFO">Length is 11.</msg>
<msg time="2024-07-20T09:10:40.567667" level="INFO">${list_len} = 11</msg>
<var>${list_len}</var>
<arg>${base_list}</arg>
<doc>Returns and logs the length of the given item as an integer.</doc>
<status status="PASS" start="2024-07-20T09:10:40.567667" elapsed="0.000000"/>
</kw>
<if>
<branch type="IF" condition="${list_len} &gt; 2">
<kw name="Remove From List" owner="Collections">
<arg>${base_list}</arg>
<arg>0</arg>
<doc>Removes and returns the value specified with an ``index`` from ``list``.</doc>
<status status="PASS" start="2024-07-20T09:10:40.568273" elapsed="0.000000"/>
</kw>
<kw name="Remove From List" owner="Collections">
<arg>${test_list}</arg>
<arg>0</arg>
<doc>Removes and returns the value specified with an ``index`` from ``list``.</doc>
<status status="PASS" start="2024-07-20T09:10:40.568273" elapsed="0.000512"/>
</kw>
<status status="PASS" start="2024-07-20T09:10:40.567667" elapsed="0.001118"/>
</branch>
<status status="PASS" start="2024-07-20T09:10:40.567667" elapsed="0.001118"/>
</if>
<kw name="Continue For Loop" owner="BuiltIn">
<msg time="2024-07-20T09:10:40.568785" level="INFO">Continuing for loop from the next iteration.</msg>
<doc>Skips the current FOR loop iteration and continues from the next.</doc>
<status status="PASS" start="2024-07-20T09:10:40.568785" elapsed="0.000000"/>
</kw>
<status status="PASS" start="2024-07-20T09:10:40.567113" elapsed="0.001672"/>
</branch>
<status status="PASS" start="2024-07-20T09:10:40.567113" elapsed="0.001672"/>
</if>
<kw name="Log To Console" owner="BuiltIn">
<arg>${\n}Found Fake : ${test_result}</arg>
<doc>Logs the given message to the console.</doc>
<status status="NOT RUN" start="2024-07-20T09:10:40.569347" elapsed="0.000000"/>
</kw>
<kw name="Split String" owner="String">
<var>@{Split_Values}</var>
<arg>${test_result}</arg>
<doc>Splits the ``string`` using ``separator`` as a delimiter string.</doc>
<status status="NOT RUN" start="2024-07-20T09:10:40.569347" elapsed="0.000000"/>
</kw>
<kw name="Get From List" owner="Collections">
<var>${the_operator}</var>
<arg>${Split_Values}</arg>
<arg>1</arg>
<doc>Returns the value specified with an ``index`` from ``list``.</doc>
<status status="NOT RUN" start="2024-07-20T09:10:40.569347" elapsed="0.000000"/>
</kw>
<if>
<branch type="IF" condition="&quot;${the_operator}&quot; == &quot;${LESS_VALUE}&quot;">
<kw name="Set Variable" owner="BuiltIn">
<var>${fake_num}</var>
<arg>${0}</arg>
<doc>Returns the given values which can then be assigned to a variables.</doc>
<status status="NOT RUN" start="2024-07-20T09:10:40.569897" elapsed="0.000000"/>
</kw>
<status status="NOT RUN" start="2024-07-20T09:10:40.569347" elapsed="0.000550"/>
</branch>
<branch type="ELSE">
<kw name="Set Variable" owner="BuiltIn">
<var>${fake_num}</var>
<arg>${2}</arg>
<doc>Returns the given values which can then be assigned to a variables.</doc>
<status status="NOT RUN" start="2024-07-20T09:10:40.569897" elapsed="0.000000"/>
</kw>
<status status="NOT RUN" start="2024-07-20T09:10:40.569897" elapsed="0.000000"/>
</branch>
<status status="NOT RUN" start="2024-07-20T09:10:40.569347" elapsed="0.000550"/>
</if>
<kw name="Get From List" owner="Collections">
<var>${the_fake_value}</var>
<arg>${Split_Values}</arg>
<arg>${fake_num}</arg>
<doc>Returns the value specified with an ``index`` from ``list``.</doc>
<status status="NOT RUN" start="2024-07-20T09:10:40.570443" elapsed="0.000000"/>
</kw>
<kw name="Log To Console" owner="BuiltIn">
<arg>${\n}Found Fake Value : ${the_fake_value}</arg>
<doc>Logs the given message to the console.</doc>
<status status="NOT RUN" start="2024-07-20T09:10:40.570443" elapsed="0.000000"/>
</kw>
<kw name="Run Keyword" owner="BuiltIn">
<var>${result_text}</var>
<arg>SeleniumLibrary.Get Text</arg>
<arg>${WEIGHING_TEXT}</arg>
<doc>Executes the given keyword with the given arguments.</doc>
<status status="NOT RUN" start="2024-07-20T09:10:40.570443" elapsed="0.000000"/>
</kw>
<kw name="Log To Console" owner="BuiltIn">
<arg>${\n}Bars Tested:${\n}${result_text}${\n}</arg>
<doc>Logs the given message to the console.</doc>
<status status="NOT RUN" start="2024-07-20T09:10:40.570996" elapsed="0.000000"/>
</kw>
<break>
<status status="NOT RUN" start="2024-07-20T09:10:40.570996" elapsed="0.000000"/>
</break>
<var name="${current_value}">4</var>
<status status="PASS" start="2024-07-20T09:10:30.858642" elapsed="9.712354"/>
</iter>
<iter>
<try>
<branch type="TRY">
<kw name="Remove From List" owner="Collections">
<msg time="2024-07-20T09:10:40.571543" level="INFO">${left_value} = 10</msg>
<var>${left_value}</var>
<arg>${base_list}</arg>
<arg>0</arg>
<doc>Removes and returns the value specified with an ``index`` from ``list``.</doc>
<status status="PASS" start="2024-07-20T09:10:40.571543" elapsed="0.000000"/>
</kw>
<kw name="Remove From List" owner="Collections">
<msg time="2024-07-20T09:10:40.572085" level="INFO">${right_value} = 11</msg>
<var>${right_value}</var>
<arg>${test_list}</arg>
<arg>0</arg>
<doc>Removes and returns the value specified with an ``index`` from ``list``.</doc>
<status status="PASS" start="2024-07-20T09:10:40.572085" elapsed="0.000000"/>
</kw>
<status status="PASS" start="2024-07-20T09:10:40.571543" elapsed="0.000542"/>
</branch>
<branch type="EXCEPT">
<kw name="Evaluate" owner="BuiltIn">
<var>${the_fake_value}</var>
<arg>${Num_Items} - 1</arg>
<doc>Evaluates the given expression in Python and returns the result.</doc>
<status status="NOT RUN" start="2024-07-20T09:10:40.572637" elapsed="0.000000"/>
</kw>
<break>
<status status="NOT RUN" start="2024-07-20T09:10:40.572637" elapsed="0.000000"/>
</break>
<status status="NOT RUN" start="2024-07-20T09:10:40.572085" elapsed="0.000552"/>
</branch>
<status status="PASS" start="2024-07-20T09:10:40.571543" elapsed="0.001094"/>
</try>
<kw name="Run Keyword" owner="BuiltIn">
<kw name="Input Test Values" owner="resource_Gold_Coin">
<kw name="Clear Element Text" owner="SeleniumLibrary">
<arg>${LEFT_INPUT_BOX}</arg>
<doc>Clears the value of the text-input-element identified by ``locator``.</doc>
<status status="PASS" start="2024-07-20T09:10:40.573658" elapsed="0.550161"/>
</kw>
<kw name="Input Text" owner="SeleniumLibrary">
<msg time="2024-07-20T09:10:41.124884" level="INFO">Typing text '10' into text field 'xpath=//input[@id='left_0']'.</msg>
<arg>${LEFT_INPUT_BOX}</arg>
<arg>${left_value}</arg>
<doc>Types the given ``text`` into the text field identified by ``locator``.</doc>
<status status="PASS" start="2024-07-20T09:10:41.124884" elapsed="0.839738"/>
</kw>
<kw name="Sleep" owner="BuiltIn">
<msg time="2024-07-20T09:10:42.976288" level="INFO">Slept 1 second.</msg>
<arg>1s</arg>
<doc>Pauses the test executed for the given time.</doc>
<status status="PASS" start="2024-07-20T09:10:41.965135" elapsed="1.011153"/>
</kw>
<kw name="Clear Element Text" owner="SeleniumLibrary">
<arg>${RIGHT_INPUT_BOX}</arg>
<doc>Clears the value of the text-input-element identified by ``locator``.</doc>
<status status="PASS" start="2024-07-20T09:10:42.976288" elapsed="0.542893"/>
</kw>
<kw name="Input Text" owner="SeleniumLibrary">
<msg time="2024-07-20T09:10:43.520259" level="INFO">Typing text '11' into text field 'xpath=//input[@id='right_0']'.</msg>
<arg>${RIGHT_INPUT_BOX}</arg>
<arg>${right_value}</arg>
<doc>Types the given ``text`` into the text field identified by ``locator``.</doc>
<status status="PASS" start="2024-07-20T09:10:43.519753" elapsed="0.850967"/>
</kw>
<kw name="Sleep" owner="BuiltIn">
<msg time="2024-07-20T09:10:45.384733" level="INFO">Slept 1 second.</msg>
<arg>1s</arg>
<doc>Pauses the test executed for the given time.</doc>
<status status="PASS" start="2024-07-20T09:10:44.371832" elapsed="1.012901"/>
</kw>
<kw name="Click Button" owner="SeleniumLibrary">
<msg time="2024-07-20T09:10:45.385734" level="INFO">Clicking button 'xpath=//button[@id='weigh']'.</msg>
<arg>${WEIGH_BUTTON}</arg>
<doc>Clicks the button identified by ``locator``.</doc>
<status status="PASS" start="2024-07-20T09:10:45.385734" elapsed="1.342315"/>
</kw>
<kw name="Sleep" owner="BuiltIn">
<msg time="2024-07-20T09:10:49.729943" level="INFO">Slept 3 seconds.</msg>
<arg>3s</arg>
<doc>Pauses the test executed for the given time.</doc>
<status status="PASS" start="2024-07-20T09:10:46.728600" elapsed="3.001343"/>
</kw>
<kw name="Run Keyword" owner="BuiltIn">
<kw name="Get Text" owner="SeleniumLibrary">
<arg>${WEIGHING_TEXT}</arg>
<doc>Returns the text value of the element identified by ``locator``.</doc>
<status status="PASS" start="2024-07-20T09:10:49.729943" elapsed="0.531083"/>
</kw>
<msg time="2024-07-20T09:10:50.261026" level="INFO">${result_text} = [0] = [1]
[2] = [3]
[4] = [5]
[6] = [7]
[8] = [9]
[10] = [11]</msg>
<var>${result_text}</var>
<arg>SeleniumLibrary.Get Text</arg>
<arg>${WEIGHING_TEXT}</arg>
<doc>Executes the given keyword with the given arguments.</doc>
<status status="PASS" start="2024-07-20T09:10:49.729943" elapsed="0.531587"/>
</kw>
<kw name="Split String" owner="String">
<msg time="2024-07-20T09:10:50.262069" level="INFO">@{Split_Values} = [ [0] = [1] | [2] = [3] | [4] = [5] | [6] = [7] | [8] = [9] | [10] = [11] ]</msg>
<var>@{Split_Values}</var>
<arg>${result_text}</arg>
<arg>\n</arg>
<doc>Splits the ``string`` using ``separator`` as a delimiter string.</doc>
<status status="PASS" start="2024-07-20T09:10:50.261530" elapsed="0.000539"/>
</kw>
<kw name="Get From List" owner="Collections">
<msg time="2024-07-20T09:10:50.262069" level="INFO">${the_result} = [10] = [11]</msg>
<var>${the_result}</var>
<arg>${Split_Values}</arg>
<arg>-1</arg>
<doc>Returns the value specified with an ``index`` from ``list``.</doc>
<status status="PASS" start="2024-07-20T09:10:50.262069" elapsed="0.000000"/>
</kw>
<return>
<value>${the_result}</value>
<status status="PASS" start="2024-07-20T09:10:50.262069" elapsed="0.000000"/>
</return>
<arg>${left_value}</arg>
<arg>${right_value}</arg>
<doc>Fill in LEFT &amp; RIGHT side bowl values</doc>
<status status="PASS" start="2024-07-20T09:10:40.573148" elapsed="9.689462"/>
</kw>
<msg time="2024-07-20T09:10:50.262610" level="INFO">${test_result} = [10] = [11]</msg>
<var>${test_result}</var>
<arg>Input Test Values</arg>
<arg>${left_value}</arg>
<arg>${right_value}</arg>
<doc>Executes the given keyword with the given arguments.</doc>
<status status="PASS" start="2024-07-20T09:10:40.572637" elapsed="9.689973"/>
</kw>
<kw name="Run Keyword And Return Status" owner="BuiltIn">
<kw name="Should Contain" owner="BuiltIn">
<arg>${test_result}</arg>
<arg>${EQUAL_VALUE}</arg>
<doc>Fails if ``container`` does not contain ``item`` one or more times.</doc>
<status status="PASS" start="2024-07-20T09:10:50.262610" elapsed="0.000535"/>
</kw>
<msg time="2024-07-20T09:10:50.263145" level="INFO">${contains} = True</msg>
<var>${contains}</var>
<arg>Should Contain</arg>
<arg>${test_result}</arg>
<arg>${EQUAL_VALUE}</arg>
[...]
</kw>
<kw name="Clear Element Text" owner="SeleniumLibrary">
<arg>${RIGHT_INPUT_BOX}</arg>
<doc>Clears the value of the text-input-element identified by ``locator``.</doc>
<status status="PASS" start="2024-07-20T09:10:52.669619" elapsed="0.558204"/>
</kw>
<kw name="Input Text" owner="SeleniumLibrary">
<msg time="2024-07-20T09:10:53.227823" level="INFO">Typing text '13' into text field 'xpath=//input[@id='right_0']'.</msg>
<arg>${RIGHT_INPUT_BOX}</arg>
<arg>${right_value}</arg>
<doc>Types the given ``text`` into the text field identified by ``locator``.</doc>
<status status="PASS" start="2024-07-20T09:10:53.227823" elapsed="0.856956"/>
</kw>
<kw name="Sleep" owner="BuiltIn">
<msg time="2024-07-20T09:10:55.087875" level="INFO">Slept 1 second.</msg>
<arg>1s</arg>
<doc>Pauses the test executed for the given time.</doc>
<status status="PASS" start="2024-07-20T09:10:54.084779" elapsed="1.003096"/>
</kw>
<kw name="Click Button" owner="SeleniumLibrary">
<msg time="2024-07-20T09:10:55.087875" level="INFO">Clicking button 'xpath=//button[@id='weigh']'.</msg>
<arg>${WEIGH_BUTTON}</arg>
<doc>Clicks the button identified by ``locator``.</doc>
<status status="PASS" start="2024-07-20T09:10:55.087875" elapsed="1.325179"/>
</kw>
<kw name="Sleep" owner="BuiltIn">
<msg time="2024-07-20T09:10:59.420633" level="INFO">Slept 3 seconds.</msg>
<arg>3s</arg>
<doc>Pauses the test executed for the given time.</doc>
<status status="PASS" start="2024-07-20T09:10:56.413054" elapsed="3.007579"/>
</kw>
<kw name="Run Keyword" owner="BuiltIn">
<kw name="Get Text" owner="SeleniumLibrary">
<arg>${WEIGHING_TEXT}</arg>
<doc>Returns the text value of the element identified by ``locator``.</doc>
<status status="PASS" start="2024-07-20T09:10:59.421628" elapsed="0.537781"/>
</kw>
<msg time="2024-07-20T09:10:59.959409" level="INFO">${result_text} = [0] = [1]
[2] = [3]
[4] = [5]
[6] = [7]
[8] = [9]
[10] = [11]
[12] &lt; [13]</msg>
<var>${result_text}</var>
<arg>SeleniumLibrary.Get Text</arg>
<arg>${WEIGHING_TEXT}</arg>
<doc>Executes the given keyword with the given arguments.</doc>
<status status="PASS" start="2024-07-20T09:10:59.421628" elapsed="0.537781"/>
</kw>
<kw name="Split String" owner="String">
<msg time="2024-07-20T09:10:59.959409" level="INFO">@{Split_Values} = [ [0] = [1] | [2] = [3] | [4] = [5] | [6] = [7] | [8] = [9] | [10] = [11] | [12] &lt; [13] ]</msg>
<var>@{Split_Values}</var>
<arg>${result_text}</arg>
<arg>\n</arg>
<doc>Splits the ``string`` using ``separator`` as a delimiter string.</doc>
<status status="PASS" start="2024-07-20T09:10:59.959409" elapsed="0.000000"/>
</kw>
<kw name="Get From List" owner="Collections">
<msg time="2024-07-20T09:10:59.959409" level="INFO">${the_result} = [12] &lt; [13]</msg>
<var>${the_result}</var>
<arg>${Split_Values}</arg>
<arg>-1</arg>
<doc>Returns the value specified with an ``index`` from ``list``.</doc>
<status status="PASS" start="2024-07-20T09:10:59.959409" elapsed="0.000000"/>
</kw>
<return>
<value>${the_result}</value>
<status status="PASS" start="2024-07-20T09:10:59.959409" elapsed="0.000000"/>
</return>
<arg>${left_value}</arg>
<arg>${right_value}</arg>
<doc>Fill in LEFT &amp; RIGHT side bowl values</doc>
<status status="PASS" start="2024-07-20T09:10:50.267414" elapsed="9.691995"/>
</kw>
<msg time="2024-07-20T09:10:59.959409" level="INFO">${test_result} = [12] &lt; [13]</msg>
<var>${test_result}</var>
<arg>Input Test Values</arg>
<arg>${left_value}</arg>
<arg>${right_value}</arg>
<doc>Executes the given keyword with the given arguments.</doc>
<status status="PASS" start="2024-07-20T09:10:50.266883" elapsed="9.692526"/>
</kw>
<kw name="Run Keyword And Return Status" owner="BuiltIn">
<kw name="Should Contain" owner="BuiltIn">
<msg time="2024-07-20T09:10:59.959409" level="FAIL">'[12] &lt; [13]' does not contain '='</msg>
<arg>${test_result}</arg>
<arg>${EQUAL_VALUE}</arg>
<doc>Fails if ``container`` does not contain ``item`` one or more times.</doc>
<status status="FAIL" start="2024-07-20T09:10:59.959409" elapsed="0.000000">'[12] &lt; [13]' does not contain '='</status>
</kw>
<msg time="2024-07-20T09:10:59.959409" level="INFO">${contains} = False</msg>
<var>${contains}</var>
<arg>Should Contain</arg>
<arg>${test_result}</arg>
<arg>${EQUAL_VALUE}</arg>
<doc>Runs the given keyword with given arguments and returns the status as a Boolean value.</doc>
<status status="PASS" start="2024-07-20T09:10:59.959409" elapsed="0.000000"/>
</kw>
<if>
<branch type="IF" condition="${contains} == ${True}">
<kw name="Get Length" owner="BuiltIn">
<var>${list_len}</var>
<arg>${base_list}</arg>
<doc>Returns and logs the length of the given item as an integer.</doc>
<status status="NOT RUN" start="2024-07-20T09:10:59.959409" elapsed="0.000000"/>
</kw>
<if>
<branch type="IF" condition="${list_len} &gt; 2">
<kw name="Remove From List" owner="Collections">
<arg>${base_list}</arg>
<arg>0</arg>
<doc>Removes and returns the value specified with an ``index`` from ``list``.</doc>
<status status="NOT RUN" start="2024-07-20T09:10:59.959409" elapsed="0.000000"/>
</kw>
<kw name="Remove From List" owner="Collections">
<arg>${test_list}</arg>
<arg>0</arg>
<doc>Removes and returns the value specified with an ``index`` from ``list``.</doc>
<status status="NOT RUN" start="2024-07-20T09:10:59.959409" elapsed="0.000000"/>
</kw>
<status status="NOT RUN" start="2024-07-20T09:10:59.959409" elapsed="0.000000"/>
</branch>
<status status="NOT RUN" start="2024-07-20T09:10:59.959409" elapsed="0.000000"/>
</if>
<kw name="Continue For Loop" owner="BuiltIn">
<doc>Skips the current FOR loop iteration and continues from the next.</doc>
<status status="NOT RUN" start="2024-07-20T09:10:59.959409" elapsed="0.000000"/>
</kw>
<status status="NOT RUN" start="2024-07-20T09:10:59.959409" elapsed="0.000000"/>
</branch>
<status status="PASS" start="2024-07-20T09:10:59.959409" elapsed="0.000000"/>
</if>
<kw name="Log To Console" owner="BuiltIn">
<arg>${\n}Found Fake : ${test_result}</arg>
<doc>Logs the given message to the console.</doc>
<status status="PASS" start="2024-07-20T09:10:59.959409" elapsed="0.000000"/>
</kw>
<kw name="Split String" owner="String">
<msg time="2024-07-20T09:10:59.959409" level="INFO">@{Split_Values} = [ [12] | &lt; | [13] ]</msg>
<var>@{Split_Values}</var>
<arg>${test_result}</arg>
<doc>Splits the ``string`` using ``separator`` as a delimiter string.</doc>
<status status="PASS" start="2024-07-20T09:10:59.959409" elapsed="0.000000"/>
</kw>
<kw name="Get From List" owner="Collections">
<msg time="2024-07-20T09:10:59.959409" level="INFO">${the_operator} = &lt;</msg>
<var>${the_operator}</var>
<arg>${Split_Values}</arg>
<arg>1</arg>
<doc>Returns the value specified with an ``index`` from ``list``.</doc>
<status status="PASS" start="2024-07-20T09:10:59.959409" elapsed="0.000000"/>
</kw>
<if>
<branch type="IF" condition="&quot;${the_operator}&quot; == &quot;${LESS_VALUE}&quot;">
<kw name="Set Variable" owner="BuiltIn">
<msg time="2024-07-20T09:10:59.959409" level="INFO">${fake_num} = 0</msg>
<var>${fake_num}</var>
<arg>${0}</arg>
<doc>Returns the given values which can then be assigned to a variables.</doc>
<status status="PASS" start="2024-07-20T09:10:59.959409" elapsed="0.000000"/>
</kw>
<status status="PASS" start="2024-07-20T09:10:59.959409" elapsed="0.000000"/>
</branch>
<branch type="ELSE">
<kw name="Set Variable" owner="BuiltIn">
<var>${fake_num}</var>
<arg>${2}</arg>
<doc>Returns the given values which can then be assigned to a variables.</doc>
<status status="NOT RUN" start="2024-07-20T09:10:59.959409" elapsed="0.000000"/>
</kw>
<status status="NOT RUN" start="2024-07-20T09:10:59.959409" elapsed="0.000000"/>
</branch>
<status status="PASS" start="2024-07-20T09:10:59.959409" elapsed="0.000000"/>
</if>
<kw name="Get From List" owner="Collections">
<msg time="2024-07-20T09:10:59.959409" level="INFO">${the_fake_value} = [12]</msg>
<var>${the_fake_value}</var>
<arg>${Split_Values}</arg>
<arg>${fake_num}</arg>
<doc>Returns the value specified with an ``index`` from ``list``.</doc>
<status status="PASS" start="2024-07-20T09:10:59.959409" elapsed="0.000000"/>
</kw>
<kw name="Log To Console" owner="BuiltIn">
<arg>${\n}Found Fake Value : ${the_fake_value}</arg>
<doc>Logs the given message to the console.</doc>
<status status="PASS" start="2024-07-20T09:10:59.959409" elapsed="0.000000"/>
</kw>
<kw name="Run Keyword" owner="BuiltIn">
<kw name="Get Text" owner="SeleniumLibrary">
<arg>${WEIGHING_TEXT}</arg>
<doc>Returns the text value of the element identified by ``locator``.</doc>
<status status="PASS" start="2024-07-20T09:10:59.959409" elapsed="0.540820"/>
</kw>
<msg time="2024-07-20T09:11:00.500229" level="INFO">${result_text} = [0] = [1]
[2] = [3]
[4] = [5]
[6] = [7]
[8] = [9]
[10] = [11]
[12] &lt; [13]</msg>
<var>${result_text}</var>
<arg>SeleniumLibrary.Get Text</arg>
<arg>${WEIGHING_TEXT}</arg>
<doc>Executes the given keyword with the given arguments.</doc>
<status status="PASS" start="2024-07-20T09:10:59.959409" elapsed="0.540820"/>
</kw>
<kw name="Log To Console" owner="BuiltIn">
<arg>${\n}Bars Tested:${\n}${result_text}${\n}</arg>
<doc>Logs the given message to the console.</doc>
<status status="PASS" start="2024-07-20T09:11:00.500229" elapsed="0.004025"/>
</kw>
<break>
<status status="PASS" start="2024-07-20T09:11:00.504254" elapsed="0.000000"/>
</break>
<var name="${current_value}">6</var>
<status status="PASS" start="2024-07-20T09:10:50.266350" elapsed="10.237904"/>
</iter>
<var>${current_value}</var>
<value>${Num_Items}</value>
<status status="PASS" start="2024-07-20T09:09:52.020077" elapsed="68.485235"/>
</for>
<kw name="Select Coin Value" owner="resource_Gold_Coin">
<kw name="Evaluate" owner="BuiltIn">
<msg time="2024-07-20T09:11:00.505817" level="INFO">${num_value} = 12</msg>
<var>${num_value}</var>
<arg>int(re.search("\\d+","${fake_value}")[0])</arg>
<arg>modules=re</arg>
<doc>Evaluates the given expression in Python and returns the result.</doc>
<status status="PASS" start="2024-07-20T09:11:00.505817" elapsed="0.000000"/>
</kw>
<kw name="Set Variable" owner="BuiltIn">
<msg time="2024-07-20T09:11:00.505817" level="INFO">${coin_locator} = xpath=//button[@id='coin_12']</msg>
<var>${coin_locator}</var>
<arg>xpath=//button[@id='coin_${num_value}']</arg>
<doc>Returns the given values which can then be assigned to a variables.</doc>
<status status="PASS" start="2024-07-20T09:11:00.505817" elapsed="0.000000"/>
</kw>
<kw name="Run Keyword And Continue On Failure" owner="BuiltIn">
<kw name="Click Button" owner="SeleniumLibrary">
<msg time="2024-07-20T09:11:00.505817" level="INFO">Clicking button 'xpath=//button[@id='coin_12']'.</msg>
<arg>${coin_locator}</arg>
<doc>Clicks the button identified by ``locator``.</doc>
<status status="PASS" start="2024-07-20T09:11:00.505817" elapsed="1.356771"/>
</kw>
<arg>SeleniumLibrary.Click Button</arg>
<arg>${coin_locator}</arg>
<doc>Runs the keyword and continues execution even if a failure occurs.</doc>
<status status="PASS" start="2024-07-20T09:11:00.505817" elapsed="1.356771"/>
</kw>
<kw name="Sleep" owner="BuiltIn">
<msg time="2024-07-20T09:11:05.868272" level="INFO">Slept 4 seconds.</msg>
<arg>4s</arg>
<doc>Pauses the test executed for the given time.</doc>
<status status="PASS" start="2024-07-20T09:11:01.863633" elapsed="4.004639"/>
</kw>
<kw name="Handle Alert" owner="SeleniumLibrary">
<msg time="2024-07-20T09:11:05.869320" level="INFO">HANDLE::&lt;class 'datetime.timedelta'&gt;::0:00:10</msg>
<arg>action=DISMISS</arg>
<arg>timeout=10s</arg>
<doc>Handles the current alert and returns its message.</doc>
<status status="PASS" start="2024-07-20T09:11:05.869320" elapsed="0.785191"/>
</kw>
<kw name="Log To Console" owner="BuiltIn">
<arg>${\n}Dialog Box Dismissed!${\n}</arg>
<doc>Logs the given message to the console.</doc>
<status status="PASS" start="2024-07-20T09:11:06.654511" elapsed="0.002606"/>
</kw>
<arg>${the_fake_value}</arg>
<doc>Click on The Fake Value from the Coin Row</doc>
<status status="PASS" start="2024-07-20T09:11:00.505312" elapsed="6.151805"/>
</kw>
<arg>${Num_Bars}</arg>
<doc>Select Left-side Menu items by MenuItem</doc>
<status status="PASS" start="2024-07-20T09:09:52.017907" elapsed="74.639210"/>
</kw>
<arg>Gold Coin Test</arg>
<arg>${Num_Bars}</arg>
<doc>Runs the keyword and continues execution even if a failure occurs.</doc>
<status status="PASS" start="2024-07-20T09:09:52.016629" elapsed="74.641011"/>
</kw>
<kw name="Suite Cleanup" owner="resource_Gold_Coin" type="TEARDOWN">
<kw name="Close All Browsers" owner="SeleniumLibrary">
<doc>Closes all open browsers and resets the browser cache.</doc>
<status status="PASS" start="2024-07-20T09:11:06.657640" elapsed="2.344795"/>
</kw>
<kw name="Get Length" owner="BuiltIn">
<msg time="2024-07-20T09:11:09.002435" level="INFO">Length is 0.</msg>
<msg time="2024-07-20T09:11:09.003446" level="INFO">${msg_length} = 0</msg>
<var>${msg_length}</var>
<arg>${TEST MESSAGE}</arg>
<doc>Returns and logs the length of the given item as an integer.</doc>
<status status="PASS" start="2024-07-20T09:11:09.002435" elapsed="0.001011"/>
</kw>
<kw name="Log" owner="BuiltIn">
<msg time="2024-07-20T09:11:09.003446" level="INFO"/>
<arg>${TEST MESSAGE}</arg>
<doc>Logs the given message with the given level.</doc>
<status status="PASS" start="2024-07-20T09:11:09.003446" elapsed="0.000000"/>
</kw>
<kw name="Log" owner="BuiltIn">
<msg time="2024-07-20T09:11:09.003446" level="INFO">0</msg>
<arg>${msg_length}</arg>
<doc>Logs the given message with the given level.</doc>
<status status="PASS" start="2024-07-20T09:11:09.003446" elapsed="0.000000"/>
</kw>
<kw name="Run Keyword If" owner="BuiltIn">
<arg>${msg_length} &gt; 0</arg>
<arg>Append To List</arg>
<arg>${MESSAGE_LIST}</arg>
<arg>${TEST MESSAGE}</arg>
<doc>Runs the given keyword with the given arguments, if ``condition`` is true.</doc>
<status status="PASS" start="2024-07-20T09:11:09.003446" elapsed="0.000997"/>
</kw>
<doc>Cleanup for Test - run at end of Each Test</doc>
<status status="PASS" start="2024-07-20T09:11:06.657640" elapsed="2.346803"/>
</kw>
<doc>Gold Coin Test</doc>
<tag>ChromiumEdge 126.0.0.0 on Windows 10</tag>
<tag>Microsoft Edge WebDriver 126.0.2592.68 </tag>
<tag>Server = sdetchallenge.fetch.com</tag>
<tag>Smoke</tag>
<tag>Test</tag>
<status status="PASS" start="2024-07-20T09:09:40.280077" elapsed="88.724366"/>
</test>
<kw name="Final Cleanup" owner="resource_Gold_Coin" type="TEARDOWN">
<kw name="Catenate" owner="BuiltIn">
<msg time="2024-07-20T09:11:09.007444" level="INFO">${output_message} = </msg>
<var>${output_message}</var>
<arg>SEPARATOR=${\n}</arg>
<arg>@{MESSAGE_LIST}</arg>
<doc>Catenates the given items together and returns the resulted string.</doc>
<status status="PASS" start="2024-07-20T09:11:09.007444" elapsed="0.000000"/>
</kw>
<kw name="Get Length" owner="BuiltIn">
<msg time="2024-07-20T09:11:09.007444" level="INFO">Length is 0.</msg>
<msg time="2024-07-20T09:11:09.007444" level="INFO">${message_length} = 0</msg>
<var>${message_length}</var>
<arg>${output_message}</arg>
<doc>Returns and logs the length of the given item as an integer.</doc>
<status status="PASS" start="2024-07-20T09:11:09.007444" elapsed="0.000000"/>
</kw>
<kw name="Get Length" owner="BuiltIn">
<msg time="2024-07-20T09:11:09.008444" level="INFO">Length is 0.</msg>
<msg time="2024-07-20T09:11:09.008444" level="INFO">${data_length} = 0</msg>
<var>${data_length}</var>
<arg>${DATA_LIST}</arg>
<doc>Returns and logs the length of the given item as an integer.</doc>
<status status="PASS" start="2024-07-20T09:11:09.007444" elapsed="0.001000"/>
</kw>
<if>
<branch type="IF" condition="${data_length} &gt; 0">
<kw name="Log To Console" owner="BuiltIn">
<arg>DATA_BEGIN</arg>
<doc>Logs the given message to the console.</doc>
<status status="NOT RUN" start="2024-07-20T09:11:09.008444" elapsed="0.000000"/>
</kw>
<for flavor="IN">
<iter>
<kw name="Log To Console" owner="BuiltIn">
<arg>${TWO_SPACES}${curr_row}</arg>
<doc>Logs the given message to the console.</doc>
<status status="NOT RUN" start="2024-07-20T09:11:09.008444" elapsed="0.000000"/>
</kw>
<kw name="Log To Console" owner="BuiltIn">
<arg>${EMPTY}</arg>
<doc>Logs the given message to the console.</doc>
<status status="NOT RUN" start="2024-07-20T09:11:09.008444" elapsed="0.001000"/>
</kw>
<var name="${curr_row}"/>
<status status="NOT RUN" start="2024-07-20T09:11:09.008444" elapsed="0.001000"/>
</iter>
<var>${curr_row}</var>
<value>@{DATA_LIST}</value>
<status status="NOT RUN" start="2024-07-20T09:11:09.008444" elapsed="0.001000"/>
</for>
<kw name="Log List" owner="Collections">
<arg>${DATA_LIST}</arg>
<doc>Logs the length and contents of the ``list`` using given ``level``.</doc>
<status status="NOT RUN" start="2024-07-20T09:11:09.009444" elapsed="0.000000"/>
</kw>
<kw name="Log To Console" owner="BuiltIn">
<arg>DATA_END</arg>
<doc>Logs the given message to the console.</doc>
<status status="NOT RUN" start="2024-07-20T09:11:09.009444" elapsed="0.000000"/>
</kw>
<kw name="Log To Console" owner="BuiltIn">
<arg>${EMPTY}</arg>
<doc>Logs the given message to the console.</doc>
<status status="NOT RUN" start="2024-07-20T09:11:09.009444" elapsed="0.000000"/>
</kw>
<status status="NOT RUN" start="2024-07-20T09:11:09.008444" elapsed="0.001000"/>
</branch>
<status status="PASS" start="2024-07-20T09:11:09.008444" elapsed="0.001000"/>
</if>
<kw name="Log To Console" owner="BuiltIn">
<arg>INFO_BEGIN</arg>
<doc>Logs the given message to the console.</doc>
<status status="PASS" start="2024-07-20T09:11:09.009444" elapsed="0.001000"/>
</kw>
<kw name="Log To Console" owner="BuiltIn">
<arg>Tested Server : ${SERVER}</arg>
<doc>Logs the given message to the console.</doc>
<status status="PASS" start="2024-07-20T09:11:09.010444" elapsed="0.001002"/>
</kw>
<kw name="Log To Console" owner="BuiltIn">
<arg>${SPACE*7} Suite : ${SUITE_NAME}</arg>
<doc>Logs the given message to the console.</doc>
<status status="PASS" start="2024-07-20T09:11:09.011446" elapsed="0.000998"/>
</kw>
<kw name="Log To Console" owner="BuiltIn">
<arg>${SPACE*5} Browser : ${BROWSER}</arg>
<doc>Logs the given message to the console.</doc>
<status status="PASS" start="2024-07-20T09:11:09.012444" elapsed="0.001002"/>
</kw>
<kw name="Log To Console" owner="BuiltIn">
<arg>${EMPTY}</arg>
<doc>Logs the given message to the console.</doc>
<status status="PASS" start="2024-07-20T09:11:09.013446" elapsed="0.000998"/>
</kw>
<if>
<branch type="IF" condition="${message_length} &gt; 1">
<kw name="Log To Console" owner="BuiltIn">
<arg>${output_message}</arg>
<doc>Logs the given message to the console.</doc>
<status status="NOT RUN" start="2024-07-20T09:11:09.015451" elapsed="0.000000"/>
</kw>
<status status="NOT RUN" start="2024-07-20T09:11:09.014444" elapsed="0.001007"/>
</branch>
<status status="PASS" start="2024-07-20T09:11:09.014444" elapsed="0.001007"/>
</if>
<kw name="Log To Console" owner="BuiltIn">
<arg>INFO_END</arg>
<doc>Logs the given message to the console.</doc>
<status status="PASS" start="2024-07-20T09:11:09.015451" elapsed="0.000999"/>
</kw>
<doc>Cleanup for Suite - run at end of Suite</doc>
<status status="PASS" start="2024-07-20T09:11:09.006449" elapsed="0.010001"/>
</kw>
<doc>A Smoke test suite with tests for Gold Bar Testing Exercise.

This test has a workflow that is created using keywords in
the imported resource file (in ../Common/).</doc>
<status status="PASS" start="2024-07-20T09:09:39.955394" elapsed="89.061056"/>
</suite>
<statistics>
<total>
<stat pass="1" fail="0" skip="0">All Tests</stat>
</total>
<tag>
<stat pass="1" fail="0" skip="0">ChromiumEdge 126.0.0.0 on Windows 10</stat>
<stat pass="1" fail="0" skip="0">Microsoft Edge WebDriver 126.0.2592.68 </stat>
<stat pass="1" fail="0" skip="0">Server = sdetchallenge.fetch.com</stat>
<stat pass="1" fail="0" skip="0">Smoke</stat>
<stat pass="1" fail="0" skip="0">Test</stat>
</tag>
<suite>
<stat pass="1" fail="0" skip="0" id="s1" name="Gold Coin Test">Gold Coin Test</stat>
</suite>
</statistics>
<errors>
</errors>
</robot>
